28.08.2021 08:27:42 - array (
  'wp_custom_attachment' => 
  array (
    'name' => '6112c572bd5ca.pdf',
    'type' => 'application/pdf',
    'tmp_name' => 'E:\\open538\\userdata\\php_upload\\phpBD5C.tmp',
    'error' => 0,
    'size' => 885338,
  ),
)
28.08.2021 08:27:42 - 59
28.08.2021 08:27:42 - array (
  'ext' => 'pdf',
  'type' => 'application/pdf',
)
28.08.2021 08:27:42 - 76
28.08.2021 08:27:42 - array (
  'file' => 'E:\\open538\\domains\\localhost\\zafar\\video_hide\\video/wp-content/uploads/2021/08/6112c572bd5ca.pdf',
  'url' => 'http://video-hide.local/video/wp-content/uploads/2021/08/6112c572bd5ca.pdf',
  'type' => 'application/pdf',
  'error' => false,
)
28.08.2021 09:19:14 - array (
  'wp_custom_attachment' => 
  array (
    'name' => 'Android Mobile Upload.mp4',
    'type' => 'video/mp4',
    'tmp_name' => 'E:\\open538\\userdata\\php_upload\\phpDCC8.tmp',
    'error' => 0,
    'size' => 29268645,
  ),
)
28.08.2021 09:19:14 - array (
  'ext' => 'mp4',
  'type' => 'video/mp4',
)
28.08.2021 09:19:14 - 81
28.08.2021 09:19:14 - array (
  'file' => 'E:\\open538\\domains\\localhost\\zafar\\video_hide\\video/wp-content/uploads/2021/08/Android-Mobile-Upload.mp4',
  'url' => 'http://video-hide.local/video/wp-content/uploads/2021/08/Android-Mobile-Upload.mp4',
  'type' => 'video/mp4',
  'error' => false,
)
28.08.2021 09:45:01 - array (
  'wp_custom_attachment' => 
  array (
    'name' => 'Android Mobile Upload.mp4',
    'type' => 'video/mp4',
    'tmp_name' => 'E:\\open538\\userdata\\php_upload\\php7F72.tmp',
    'error' => 0,
    'size' => 29268645,
  ),
)
28.08.2021 09:45:29 - array (
  'wp_custom_attachment' => 
  array (
    'name' => 'Android Mobile Upload.mp4',
    'type' => 'video/mp4',
    'tmp_name' => 'E:\\open538\\userdata\\php_upload\\phpEB8A.tmp',
    'error' => 0,
    'size' => 29268645,
  ),
)
28.08.2021 09:52:00 - 54
28.08.2021 09:52:00 - array (
  'wp_custom_attachment' => 
  array (
    'name' => 'Android Mobile Upload.mp4',
    'type' => 'video/mp4',
    'tmp_name' => 'E:\\open538\\userdata\\php_upload\\phpE044.tmp',
    'error' => 0,
    'size' => 29268645,
  ),
)
28.08.2021 09:52:00 - 83
28.08.2021 09:52:00 - array (
  'file' => 'E:\\open538\\domains\\localhost\\zafar\\video_hide\\video/wp-content/uploads/2021/08/Android-Mobile-Upload-3.mp4',
  'url' => 'http://video-hide.local/video/wp-content/uploads/2021/08/Android-Mobile-Upload-3.mp4',
  'type' => 'video/mp4',
  'error' => false,
)
28.08.2021 09:54:52 - 54
28.08.2021 09:54:52 - array (
  'wp_custom_attachment' => 
  array (
    'name' => 'Android Mobile Upload no audio.mp4',
    'type' => 'video/mp4',
    'tmp_name' => 'E:\\open538\\userdata\\php_upload\\php813E.tmp',
    'error' => 0,
    'size' => 27091412,
  ),
)
28.08.2021 09:54:52 - 83
28.08.2021 09:54:52 - array (
  'file' => 'E:\\open538\\domains\\localhost\\zafar\\video_hide\\video/wp-content/uploads/2021/08/Android-Mobile-Upload-no-audio.mp4',
  'url' => 'http://video-hide.local/video/wp-content/uploads/2021/08/Android-Mobile-Upload-no-audio.mp4',
  'type' => 'video/mp4',
  'error' => false,
)
28.08.2021 09:56:43 - 54
28.08.2021 09:56:43 - array (
  'wp_custom_attachment' => 
  array (
    'name' => 'Android Mobile Upload no audio.mp4',
    'type' => 'video/mp4',
    'tmp_name' => 'E:\\open538\\userdata\\php_upload\\php3614.tmp',
    'error' => 0,
    'size' => 27091412,
  ),
)
28.08.2021 09:56:43 - 83
28.08.2021 09:56:43 - array (
  'file' => 'E:\\open538\\domains\\localhost\\zafar\\video_hide\\video/wp-content/uploads/2021/08/Android-Mobile-Upload-no-audio-1.mp4',
  'url' => 'http://video-hide.local/video/wp-content/uploads/2021/08/Android-Mobile-Upload-no-audio-1.mp4',
  'type' => 'video/mp4',
  'error' => false,
)
28.08.2021 09:57:59 - 54
28.08.2021 09:57:59 - array (
  'wp_custom_attachment' => 
  array (
    'name' => 'Android Mobile Upload.mp4',
    'type' => 'video/mp4',
    'tmp_name' => 'E:\\open538\\userdata\\php_upload\\php5CE2.tmp',
    'error' => 0,
    'size' => 29268645,
  ),
)
28.08.2021 10:03:50 - 54
28.08.2021 10:03:50 - array (
  'wp_custom_attachment' => 
  array (
    'name' => 'Android Mobile Upload.mp4',
    'type' => 'video/mp4',
    'tmp_name' => 'E:\\open538\\userdata\\php_upload\\phpB432.tmp',
    'error' => 0,
    'size' => 29268645,
  ),
)
28.08.2021 10:03:50 - 115
28.08.2021 10:03:50 - 'e:\\open538\\domains\\localhost\\zafar\\video_hide\\upload'
28.08.2021 10:03:50 - 117
28.08.2021 10:03:50 - array (
  'dirname' => 'E:\\open538\\domains\\localhost\\zafar\\video_hide\\video/wp-content/uploads/2021/08',
  'basename' => 'Android-Mobile-Upload-5.mp4',
  'extension' => 'mp4',
  'filename' => 'Android-Mobile-Upload-5',
)
28.08.2021 10:03:50 - 83
28.08.2021 10:03:50 - array (
  'file' => 'E:\\open538\\domains\\localhost\\zafar\\video_hide\\video/wp-content/uploads/2021/08/Android-Mobile-Upload-5.mp4',
  'url' => 'http://video-hide.local/video/wp-content/uploads/2021/08/Android-Mobile-Upload-5.mp4',
  'type' => 'video/mp4',
  'error' => false,
)
28.08.2021 10:06:40 - 54
28.08.2021 10:06:40 - array (
  'wp_custom_attachment' => 
  array (
    'name' => 'Android Mobile Upload.mp4',
    'type' => 'video/mp4',
    'tmp_name' => 'E:\\open538\\userdata\\php_upload\\php524E.tmp',
    'error' => 0,
    'size' => 29268645,
  ),
)
28.08.2021 10:06:40 - 115
28.08.2021 10:06:40 - 'e:\\open538\\domains\\localhost\\zafar\\video_hide\\upload'
28.08.2021 10:06:40 - 117
28.08.2021 10:06:40 - array (
  'dirname' => 'E:\\open538\\domains\\localhost\\zafar\\video_hide\\video/wp-content/uploads/2021/08',
  'basename' => 'Android-Mobile-Upload-5.mp4',
  'extension' => 'mp4',
  'filename' => 'Android-Mobile-Upload-5',
)
28.08.2021 10:06:40 - 83
28.08.2021 10:06:40 - array (
  'file' => 'E:\\open538\\domains\\localhost\\zafar\\video_hide\\video/wp-content/uploads/2021/08/Android-Mobile-Upload-5.mp4',
  'url' => 'http://video-hide.local/video/wp-content/uploads/2021/08/Android-Mobile-Upload-5.mp4',
  'type' => 'video/mp4',
  'error' => false,
)
28.08.2021 10:08:13 - 54
28.08.2021 10:08:13 - array (
  'wp_custom_attachment' => 
  array (
    'name' => 'Android Mobile Upload no audio.mp4',
    'type' => 'video/mp4',
    'tmp_name' => 'E:\\open538\\userdata\\php_upload\\phpB857.tmp',
    'error' => 0,
    'size' => 27091412,
  ),
)
28.08.2021 10:08:13 - 115
28.08.2021 10:08:13 - 'e:\\open538\\domains\\localhost\\zafar\\video_hide\\upload'
28.08.2021 10:08:13 - 117
28.08.2021 10:08:13 - array (
  'dirname' => 'E:\\open538\\domains\\localhost\\zafar\\video_hide\\video/wp-content/uploads/2021/08',
  'basename' => 'Android-Mobile-Upload-no-audio.mp4',
  'extension' => 'mp4',
  'filename' => 'Android-Mobile-Upload-no-audio',
)
28.08.2021 10:08:13 - 83
28.08.2021 10:08:13 - array (
  'file' => 'E:\\open538\\domains\\localhost\\zafar\\video_hide\\video/wp-content/uploads/2021/08/Android-Mobile-Upload-no-audio.mp4',
  'url' => 'http://video-hide.local/video/wp-content/uploads/2021/08/Android-Mobile-Upload-no-audio.mp4',
  'type' => 'video/mp4',
  'error' => false,
)
28.08.2021 10:16:39 - 54
28.08.2021 10:16:39 - array (
  'wp_custom_attachment' => 
  array (
    'name' => 'Android Mobile Upload.mp4',
    'type' => 'video/mp4',
    'tmp_name' => 'E:\\open538\\userdata\\php_upload\\php74D0.tmp',
    'error' => 0,
    'size' => 29268645,
  ),
)
28.08.2021 10:16:39 - 96
28.08.2021 10:16:39 - array (
  'file' => 'e:\\open538\\domains\\localhost\\zafar\\video_hide\\upload/8060426_Android-Mobile-Upload.mp4',
  'url' => 'e:\\open538\\domains\\localhost\\zafar\\video_hide\\upload/8060426_Android-Mobile-Upload.mp4',
  'type' => 'video/mp4',
  'error' => false,
)
28.08.2021 10:52:22 - 53
28.08.2021 10:52:22 - array (
  'wp_custom_attachment' => 
  array (
    'name' => '',
    'type' => '',
    'tmp_name' => '',
    'error' => 4,
    'size' => 0,
  ),
)
28.08.2021 10:52:53 - 53
28.08.2021 10:52:53 - array (
  'wp_custom_attachment' => 
  array (
    'name' => 'Android Mobile Upload no audio.mp4',
    'type' => 'video/mp4',
    'tmp_name' => 'E:\\open538\\userdata\\php_upload\\phpA0D2.tmp',
    'error' => 0,
    'size' => 27091412,
  ),
)
28.08.2021 10:52:53 - 95
28.08.2021 10:52:53 - array (
  'file' => '/1829778_Android-Mobile-Upload-no-audio.mp4',
  'url' => '\\',
  'type' => 'video/mp4',
  'error' => false,
)
28.08.2021 10:54:10 - 53
28.08.2021 10:54:10 - array (
  'wp_custom_attachment' => 
  array (
    'name' => 'Android Mobile Upload no audio.mp4',
    'type' => 'video/mp4',
    'tmp_name' => 'E:\\open538\\userdata\\php_upload\\phpCE47.tmp',
    'error' => 0,
    'size' => 27091412,
  ),
)
28.08.2021 10:55:37 - 53
28.08.2021 10:55:37 - array (
  'wp_custom_attachment' => 
  array (
    'name' => 'Android Mobile Upload no audio.mp4',
    'type' => 'video/mp4',
    'tmp_name' => 'E:\\open538\\userdata\\php_upload\\php2136.tmp',
    'error' => 0,
    'size' => 27091412,
  ),
)
28.08.2021 10:55:58 - 53
28.08.2021 10:55:58 - array (
  'wp_custom_attachment' => 
  array (
    'name' => 'Android Mobile Upload no audio.mp4',
    'type' => 'video/mp4',
    'tmp_name' => 'E:\\open538\\userdata\\php_upload\\php7513.tmp',
    'error' => 0,
    'size' => 27091412,
  ),
)
28.08.2021 10:55:58 - 95
28.08.2021 10:55:58 - array (
  'file' => 'e:/open538/domains/localhost/zafar/video_hide/upload/5546385_Android-Mobile-Upload-no-audio.mp4',
  'url' => '\\',
  'type' => 'video/mp4',
  'error' => false,
)
28.08.2021 13:49:34 - 68
28.08.2021 13:49:34 - array (
  'wp_custom_attachment' => 
  array (
    'name' => 'Android Mobile Upload.mp4',
    'type' => 'video/mp4',
    'tmp_name' => 'E:\\open538\\userdata\\php_upload\\php5D80.tmp',
    'error' => 0,
    'size' => 29268645,
  ),
)
28.08.2021 13:49:34 - 110
28.08.2021 13:49:34 - array (
  'file' => 'e:/open538/domains/localhost/zafar/video_hide/upload/3052559_Android-Mobile-Upload.mp4',
  'url' => '\\',
  'type' => 'video/mp4',
  'error' => false,
)
28.08.2021 13:55:54 - 73
28.08.2021 13:55:54 - array (
  'wp_custom_attachment' => 
  array (
    'name' => 'Android Mobile Upload no audio.mp4',
    'type' => 'video/mp4',
    'tmp_name' => 'E:\\open538\\userdata\\php_upload\\php2B19.tmp',
    'error' => 0,
    'size' => 27091412,
  ),
)
28.08.2021 13:55:54 - 115
28.08.2021 13:55:54 - array (
  'file' => 'e:/open538/domains/localhost/zafar/video_hide/upload/4068259_Android-Mobile-Upload-no-audio.mp4',
  'url' => '\\',
  'type' => 'video/mp4',
  'error' => false,
)
28.08.2021 13:59:29 - 73
28.08.2021 13:59:29 - array (
  'wp_custom_attachment' => 
  array (
    'name' => 'Android Mobile Upload.mp4',
    'type' => 'video/mp4',
    'tmp_name' => 'E:\\open538\\userdata\\php_upload\\php7A55.tmp',
    'error' => 0,
    'size' => 29268645,
  ),
)
28.08.2021 13:59:30 - 115
28.08.2021 13:59:30 - array (
  'file' => 'e:/open538/domains/localhost/zafar/video_hide/upload/8112044_Android-Mobile-Upload.mp4',
  'url' => '\\',
  'type' => 'video/mp4',
  'error' => false,
)
28.08.2021 14:00:42 - 73
28.08.2021 14:00:42 - array (
  'wp_custom_attachment' => 
  array (
    'name' => 'Certificate (53).pdf',
    'type' => 'application/pdf',
    'tmp_name' => 'E:\\open538\\userdata\\php_upload\\php9B08.tmp',
    'error' => 0,
    'size' => 533434,
  ),
)
28.08.2021 14:07:25 - 73
28.08.2021 14:07:25 - array (
  'wp_custom_attachment' => 
  array (
    'name' => 'Certificate (53).pdf',
    'type' => 'application/pdf',
    'tmp_name' => 'E:\\open538\\userdata\\php_upload\\phpBAC9.tmp',
    'error' => 0,
    'size' => 533434,
  ),
)
28.08.2021 14:07:55 - 73
28.08.2021 14:07:55 - array (
  'wp_custom_attachment' => 
  array (
    'name' => '6112c572bd5ca.pdf',
    'type' => 'application/pdf',
    'tmp_name' => 'E:\\open538\\userdata\\php_upload\\php350B.tmp',
    'error' => 0,
    'size' => 885338,
  ),
)
28.08.2021 14:09:31 - 73
28.08.2021 14:09:31 - array (
  'wp_custom_attachment' => 
  array (
    'name' => 'droidkit-en-mac.dmg',
    'type' => 'application/octet-stream',
    'tmp_name' => 'E:\\open538\\userdata\\php_upload\\phpA65F.tmp',
    'error' => 0,
    'size' => 6904999,
  ),
)
28.08.2021 14:17:06 - 75
28.08.2021 14:17:06 - array (
  'wp_custom_attachment' => 
  array (
    'name' => 'cart_137167818_1.csv',
    'type' => 'application/vnd.ms-excel',
    'tmp_name' => 'E:\\open538\\userdata\\php_upload\\php9CC9.tmp',
    'error' => 0,
    'size' => 88,
  ),
)
28.08.2021 14:17:43 - 75
28.08.2021 14:17:43 - array (
  'wp_custom_attachment' => 
  array (
    'name' => 'Android Mobile Upload no audio.mp4',
    'type' => 'video/mp4',
    'tmp_name' => 'E:\\open538\\userdata\\php_upload\\php28AE.tmp',
    'error' => 0,
    'size' => 27091412,
  ),
)
28.08.2021 14:17:43 - 117
28.08.2021 14:17:43 - array (
  'file' => 'e:/open538/domains/localhost/zafar/video_hide/upload/1180939_Android-Mobile-Upload-no-audio.mp4',
  'url' => '\\',
  'type' => 'video/mp4',
  'error' => false,
)
28.08.2021 14:19:56 - 76
28.08.2021 14:19:56 - array (
  'wp_custom_attachment' => 
  array (
    'name' => 'droidkit-en-mac.dmg',
    'type' => 'application/octet-stream',
    'tmp_name' => 'E:\\open538\\userdata\\php_upload\\php342F.tmp',
    'error' => 0,
    'size' => 6904999,
  ),
)
28.08.2021 15:28:43 - 209
28.08.2021 15:28:43 - array (
  'file' => 'e:/open538/domains/localhost/zafar/video_hide/upload/4871074_Android-Mobile-Upload-no-audio-1.mp4',
  'url' => '\\',
  'type' => 'video/mp4',
  'error' => false,
)
28.08.2021 15:30:55 - 209
28.08.2021 15:30:55 - array (
  'file' => 'e:/open538/domains/localhost/zafar/video_hide/upload/6574681_php5-vs-php7.mp4',
  'url' => '\\',
  'type' => 'video/mp4',
  'error' => false,
)
30.08.2021 17:52:35 - 65
30.08.2021 17:52:35 - 71
30.08.2021 17:52:35 - 76
30.08.2021 17:56:47 - 65
30.08.2021 17:56:47 - 71
30.08.2021 17:56:47 - 76
30.08.2021 18:04:00 - 65
30.08.2021 18:04:00 - 71
30.08.2021 18:04:00 - 76
30.08.2021 18:04:15 - 65
30.08.2021 18:04:15 - 71
30.08.2021 18:04:15 - 76
31.08.2021 18:02:07 - 68
31.08.2021 18:02:07 - 74
31.08.2021 18:02:07 - 79
31.08.2021 18:30:59 - 68
31.08.2021 18:30:59 - 74
31.08.2021 18:30:59 - 79
31.08.2021 18:55:21 - 68
31.08.2021 18:55:21 - 74
31.08.2021 18:55:21 - 79
31.08.2021 19:03:39 - 68
31.08.2021 19:03:39 - 74
31.08.2021 19:03:39 - 79
31.08.2021 19:28:10 - 68
31.08.2021 19:28:10 - 74
31.08.2021 19:28:10 - 79
31.08.2021 19:28:10 - 83
31.08.2021 19:28:10 - 95
31.08.2021 19:28:10 - 98
31.08.2021 19:28:10 - 103
31.08.2021 19:28:10 - 120
31.08.2021 19:28:10 - 121
31.08.2021 19:28:10 - array (
  'file' => '/var/www/html/wp-content/uploads/6870183_VID-20210718-WA0004-2.mp4',
  'url' => '\\',
  'type' => 'video/mp4',
  'error' => false,
)
31.08.2021 19:32:42 - 68
31.08.2021 19:32:42 - 74
31.08.2021 19:32:42 - 79
31.08.2021 19:32:42 - 83
31.08.2021 19:32:42 - 95
31.08.2021 19:32:42 - 98
31.08.2021 19:32:42 - 103
31.08.2021 19:32:42 - 120
31.08.2021 19:32:42 - 121
31.08.2021 19:32:42 - array (
  'file' => '/var/www/html/wp-content/uploads/1760372_9762470_Android-Mobile-Upload-no-audio.mp4',
  'url' => '\\',
  'type' => 'video/mp4',
  'error' => false,
)
31.08.2021 19:34:51 - 68
31.08.2021 19:35:46 - 68
31.08.2021 19:35:46 - 74
31.08.2021 19:35:46 - 79
31.08.2021 19:35:46 - 83
31.08.2021 19:35:46 - 95
31.08.2021 19:35:46 - 98
31.08.2021 19:35:46 - 103
31.08.2021 19:35:47 - 120
31.08.2021 19:35:47 - 121
31.08.2021 19:35:47 - array (
  'file' => '/var/www/html/wp-content/uploads/5205328_9762470_Android-Mobile-Upload-no-audio.mp4',
  'url' => '\\',
  'type' => 'video/mp4',
  'error' => false,
)
31.08.2021 19:36:16 - 68
31.08.2021 19:36:16 - 74
31.08.2021 19:36:16 - 79
31.08.2021 19:36:16 - 83
31.08.2021 19:36:16 - 95
31.08.2021 19:36:16 - 98
31.08.2021 19:36:16 - 103
31.08.2021 19:36:16 - 120
31.08.2021 19:36:16 - 121
31.08.2021 19:36:16 - array (
  'file' => '/var/www/html/wp-content/uploads/3287458_9762470_Android-Mobile-Upload-no-audio.mp4',
  'url' => '\\',
  'type' => 'video/mp4',
  'error' => false,
)
31.08.2021 19:36:16 - 68
31.08.2021 19:36:16 - 74
31.08.2021 19:36:16 - 79
31.08.2021 19:36:16 - 83
31.08.2021 19:36:16 - 95
31.08.2021 19:36:16 - 98
31.08.2021 19:36:16 - 103
31.08.2021 19:36:16 - 120
31.08.2021 19:36:16 - 121
31.08.2021 19:36:16 - array (
  'file' => '/var/www/html/wp-content/uploads/7538786_9762470_Android-Mobile-Upload-no-audio.mp4',
  'url' => '\\',
  'type' => 'video/mp4',
  'error' => false,
)
31.08.2021 19:40:16 - 68
31.08.2021 19:40:16 - 74
31.08.2021 19:40:16 - 79
31.08.2021 19:40:16 - 83
31.08.2021 19:40:16 - 95
31.08.2021 19:40:16 - 98
31.08.2021 19:40:16 - 103
31.08.2021 19:40:16 - 120
31.08.2021 19:40:16 - 121
31.08.2021 19:40:16 - array (
  'error' => true,
)
31.08.2021 19:42:21 - 68
31.08.2021 19:42:21 - 74
31.08.2021 19:42:21 - 79
31.08.2021 19:42:21 - 83
31.08.2021 19:42:21 - 95
31.08.2021 19:42:21 - 98
31.08.2021 19:42:21 - 103
31.08.2021 19:42:21 - 120
31.08.2021 19:42:21 - 121
31.08.2021 19:42:21 - array (
  'error' => true,
)
31.08.2021 19:42:48 - 68
31.08.2021 19:42:48 - 74
31.08.2021 19:42:48 - 79
31.08.2021 19:42:48 - 83
31.08.2021 19:42:48 - 95
31.08.2021 19:42:48 - 98
31.08.2021 19:42:48 - 103
31.08.2021 19:42:48 - 120
31.08.2021 19:42:48 - 121
31.08.2021 19:42:48 - array (
  'error' => true,
)
31.08.2021 19:45:11 - 68
31.08.2021 19:45:11 - 74
31.08.2021 19:45:11 - 79
31.08.2021 19:45:11 - 83
31.08.2021 19:45:11 - 95
31.08.2021 19:45:11 - 98
31.08.2021 19:45:11 - 103
31.08.2021 19:45:11 - 120
31.08.2021 19:45:11 - 121
31.08.2021 19:45:11 - array (
  'error' => true,
)
31.08.2021 19:46:31 - 68
31.08.2021 19:46:31 - 74
31.08.2021 19:46:31 - 79
31.08.2021 19:46:31 - 83
31.08.2021 19:46:31 - 95
31.08.2021 19:46:31 - 98
31.08.2021 19:46:31 - 103
31.08.2021 19:46:31 - 120
31.08.2021 19:46:31 - 121
31.08.2021 19:46:31 - array (
  'error' => true,
)
31.08.2021 19:47:13 - 68
31.08.2021 19:47:13 - 74
31.08.2021 19:47:13 - 79
31.08.2021 19:47:13 - 83
31.08.2021 19:47:13 - 95
31.08.2021 19:47:13 - 98
31.08.2021 19:47:13 - 103
31.08.2021 19:47:13 - 120
31.08.2021 19:47:13 - 121
31.08.2021 19:47:13 - array (
  'file' => '/var/www/html/wp-content/uploads//9481422_VID-20210718-WA0004-5.mp4',
  'url' => '\\',
  'type' => 'video/mp4',
  'error' => false,
)
31.08.2021 19:48:39 - 68
31.08.2021 19:48:39 - 74
31.08.2021 19:48:39 - 79
31.08.2021 19:48:39 - 83
31.08.2021 19:48:39 - 95
31.08.2021 19:48:39 - 98
31.08.2021 19:48:39 - 103
31.08.2021 19:48:39 - 120
31.08.2021 19:48:39 - 121
31.08.2021 19:48:39 - array (
  'file' => '/var/www/html/wp-content/video1233322/6160057_VID-20210718-WA0004-5.mp4',
  'url' => '\\',
  'type' => 'video/mp4',
  'error' => false,
)
31.08.2021 19:59:21 - 68
31.08.2021 19:59:21 - 74
31.08.2021 19:59:21 - 79
31.08.2021 19:59:21 - 83
31.08.2021 19:59:21 - 95
31.08.2021 19:59:21 - 98
31.08.2021 19:59:21 - 103
31.08.2021 19:59:21 - 120
31.08.2021 19:59:21 - 121
31.08.2021 19:59:21 - array (
  'file' => '/var/www/html/wp-content/video1233322/2029108_6574681_php5-vs-php7-1.mp4',
  'url' => '\\',
  'type' => 'video/mp4',
  'error' => false,
)
01.09.2021 10:32:02 - 68
01.09.2021 10:32:07 - 68
01.09.2021 13:59:04 - 68
01.09.2021 13:59:13 - 68
10.09.2021 04:43:53 - 68
10.09.2021 04:43:53 - 68
10.09.2021 04:52:09 - 68
10.09.2021 04:52:39 - 68
10.09.2021 04:52:56 - 68
10.09.2021 04:54:40 - 68
10.09.2021 06:23:55 - 68
10.09.2021 06:24:14 - 68
10.09.2021 06:25:59 - 68
10.09.2021 06:25:59 - 68
10.09.2021 06:25:59 - 68
10.09.2021 06:27:06 - 68
10.09.2021 06:27:06 - 68
10.09.2021 09:08:09 - 68
10.09.2021 09:17:42 - 68
10.09.2021 09:23:11 - 68
10.09.2021 10:31:55 - 68
10.09.2021 10:49:07 - 68
10.09.2021 10:49:14 - 68
10.09.2021 10:58:02 - 68
10.09.2021 11:04:14 - 68
10.09.2021 11:08:03 - 68
10.09.2021 11:09:56 - 68
10.09.2021 11:12:07 - 68
10.09.2021 11:13:31 - 68
10.09.2021 11:14:42 - 68
10.09.2021 11:43:23 - 68
10.09.2021 11:44:49 - 68
10.09.2021 11:45:27 - 68
10.09.2021 11:46:40 - 68
10.09.2021 11:47:59 - 68
10.09.2021 11:51:15 - 68
10.09.2021 11:54:47 - 68
10.09.2021 12:00:03 - 68
10.09.2021 12:02:29 - 68
10.09.2021 12:02:29 - 68
10.09.2021 12:02:29 - 68
10.09.2021 12:02:29 - 68
10.09.2021 12:02:30 - 68
10.09.2021 12:02:30 - 68
10.09.2021 12:02:31 - 68
10.09.2021 12:02:31 - 68
10.09.2021 12:02:31 - 68
10.09.2021 12:02:31 - 68
10.09.2021 12:02:31 - 68
10.09.2021 12:02:31 - 68
10.09.2021 12:02:31 - 68
10.09.2021 12:02:31 - 68
10.09.2021 12:02:32 - 68
10.09.2021 12:02:32 - 68
10.09.2021 12:02:32 - 68
10.09.2021 12:02:32 - 68
10.09.2021 12:02:32 - 68
10.09.2021 12:02:32 - 68
10.09.2021 12:02:32 - 68
10.09.2021 12:02:32 - 68
10.09.2021 12:02:33 - 68
10.09.2021 12:02:33 - 68
10.09.2021 12:02:33 - 68
10.09.2021 12:02:33 - 68
10.09.2021 12:02:33 - 68
10.09.2021 12:02:33 - 68
10.09.2021 12:02:33 - 68
10.09.2021 12:02:34 - 68
10.09.2021 12:02:34 - 68
10.09.2021 12:02:34 - 68
10.09.2021 12:02:34 - 68
10.09.2021 12:02:34 - 68
10.09.2021 12:02:34 - 68
10.09.2021 12:02:35 - 68
10.09.2021 12:02:35 - 68
10.09.2021 12:02:35 - 68
10.09.2021 12:02:36 - 68
10.09.2021 12:02:36 - 68
10.09.2021 12:02:36 - 68
10.09.2021 12:02:36 - 68
10.09.2021 12:02:36 - 68
10.09.2021 12:02:37 - 68
10.09.2021 12:02:37 - 68
10.09.2021 12:02:37 - 68
10.09.2021 12:02:37 - 68
10.09.2021 12:02:37 - 68
10.09.2021 12:02:38 - 68
10.09.2021 12:02:38 - 68
10.09.2021 12:02:38 - 68
10.09.2021 12:02:38 - 68
10.09.2021 12:02:38 - 68
10.09.2021 12:02:38 - 68
10.09.2021 12:02:38 - 68
10.09.2021 12:02:39 - 68
10.09.2021 12:02:56 - 68
10.09.2021 12:02:56 - 68
10.09.2021 12:02:56 - 68
10.09.2021 12:02:56 - 68
10.09.2021 12:02:56 - 68
10.09.2021 12:02:56 - 68
10.09.2021 12:02:56 - 68
10.09.2021 12:02:56 - 68
10.09.2021 12:02:57 - 68
10.09.2021 12:02:57 - 68
10.09.2021 12:02:57 - 68
10.09.2021 12:02:57 - 68
10.09.2021 12:02:57 - 68
10.09.2021 12:02:57 - 68
10.09.2021 12:02:57 - 68
10.09.2021 12:02:57 - 68
10.09.2021 12:02:57 - 68
10.09.2021 12:02:57 - 68
10.09.2021 12:02:57 - 68
10.09.2021 12:02:57 - 68
10.09.2021 12:02:57 - 68
10.09.2021 12:02:57 - 68
10.09.2021 12:02:57 - 68
10.09.2021 12:02:57 - 68
10.09.2021 12:02:57 - 68
10.09.2021 12:02:57 - 68
10.09.2021 12:02:57 - 68
10.09.2021 12:02:57 - 68
10.09.2021 12:02:57 - 68
10.09.2021 12:02:57 - 68
10.09.2021 12:02:57 - 68
10.09.2021 12:02:57 - 68
10.09.2021 12:02:57 - 68
10.09.2021 12:02:58 - 68
10.09.2021 12:02:58 - 68
10.09.2021 12:02:58 - 68
10.09.2021 12:02:58 - 68
10.09.2021 12:05:47 - 68
10.09.2021 12:05:47 - 68
10.09.2021 12:06:01 - 68
10.09.2021 12:06:01 - 68
10.09.2021 12:07:12 - 68
10.09.2021 12:07:12 - 68
10.09.2021 12:08:40 - 68
10.09.2021 12:08:41 - 68
10.09.2021 12:08:41 - 68
10.09.2021 12:10:21 - 68
10.09.2021 12:10:21 - 68
10.09.2021 12:13:59 - 68
10.09.2021 12:13:59 - 68
10.09.2021 12:14:07 - 68
10.09.2021 12:19:15 - 68
10.09.2021 12:20:47 - 68
10.09.2021 12:21:47 - 68
10.09.2021 12:22:55 - 68
10.09.2021 12:24:10 - 68
10.09.2021 17:02:39 - 68
10.09.2021 17:02:39 - 68
10.09.2021 17:02:45 - 68
13.09.2021 04:58:05 - 68
13.09.2021 04:58:45 - 68
13.09.2021 05:00:09 - 68
13.09.2021 05:00:09 - 68
13.09.2021 05:00:16 - 68
13.09.2021 05:00:16 - 68
13.09.2021 05:00:16 - 68
13.09.2021 05:00:16 - 68
13.09.2021 05:00:17 - 68
13.09.2021 05:00:17 - 68
13.09.2021 05:00:17 - 68
13.09.2021 05:00:17 - 68
13.09.2021 05:02:10 - 68
13.09.2021 05:02:13 - 68
13.09.2021 05:05:00 - 68
13.09.2021 05:07:25 - 68
13.09.2021 05:07:31 - 68
13.09.2021 05:07:41 - 68
13.09.2021 05:08:03 - 68
13.09.2021 05:08:04 - 68
13.09.2021 05:08:18 - 68
13.09.2021 05:08:49 - 68
13.09.2021 05:09:05 - 68
13.09.2021 05:09:32 - 68
13.09.2021 05:09:58 - 68
13.09.2021 05:10:14 - 68
13.09.2021 05:10:30 - 68
13.09.2021 05:14:18 - 68
13.09.2021 05:14:29 - 68
13.09.2021 05:16:22 - 68
13.09.2021 05:19:28 - 68
13.09.2021 05:22:17 - 68
13.09.2021 05:22:20 - 68
13.09.2021 05:22:20 - 68
13.09.2021 05:25:20 - 68
13.09.2021 05:26:01 - 68
13.09.2021 05:34:49 - 68
13.09.2021 05:36:23 - 68
13.09.2021 05:36:28 - 68
13.09.2021 05:36:46 - 68
13.09.2021 05:37:00 - 68
13.09.2021 05:43:55 - 68
13.09.2021 05:45:09 - 68
13.09.2021 06:28:34 - 68
13.09.2021 06:28:34 - 74
13.09.2021 06:28:34 - 79
13.09.2021 06:28:34 - 83
13.09.2021 06:28:34 - 95
13.09.2021 06:28:34 - 98
13.09.2021 06:28:34 - 103
13.09.2021 06:28:34 - 120
13.09.2021 06:28:34 - 121
13.09.2021 06:28:34 - array (
  'file' => '/var/www/html/wp-content/video1233322/5543100_hidden.mp4',
  'url' => '\\',
  'type' => 'video/mp4',
  'error' => false,
)
13.09.2021 06:31:24 - 68
13.09.2021 06:31:24 - 74
13.09.2021 06:31:24 - 79
13.09.2021 06:31:24 - 83
13.09.2021 06:31:24 - 95
13.09.2021 06:31:24 - 98
13.09.2021 06:31:24 - 103
13.09.2021 06:31:24 - 120
13.09.2021 06:31:24 - 121
13.09.2021 06:31:24 - array (
  'file' => '/var/www/html/wp-content/video1233322/7842600_What-is-Upwork-1.mp4',
  'url' => '\\',
  'type' => 'video/mp4',
  'error' => false,
)
13.09.2021 08:42:48 - 68
13.09.2021 08:42:48 - 74
13.09.2021 08:42:48 - 79
13.09.2021 08:42:48 - 68
13.09.2021 08:42:48 - 74
13.09.2021 08:42:48 - 79
13.09.2021 08:42:59 - 68
13.09.2021 08:43:00 - 68
13.09.2021 08:43:16 - 68
13.09.2021 08:43:16 - 74
13.09.2021 08:43:16 - 79
13.09.2021 08:43:22 - 68
13.09.2021 08:43:22 - 74
13.09.2021 08:43:22 - 79
13.09.2021 08:47:03 - 68
13.09.2021 09:02:48 - 68
13.09.2021 09:02:48 - 74
13.09.2021 09:02:48 - 79
13.09.2021 10:08:46 - 68
13.09.2021 10:09:18 - 68
13.09.2021 10:09:30 - 68
13.09.2021 10:09:40 - 68
13.09.2021 10:09:51 - 68
13.09.2021 10:25:56 - 68
13.09.2021 10:25:56 - 74
13.09.2021 10:25:56 - 79
13.09.2021 10:25:56 - 83
13.09.2021 10:25:56 - 95
13.09.2021 10:25:56 - 98
13.09.2021 10:25:56 - 103
13.09.2021 10:25:56 - 120
13.09.2021 10:25:56 - 121
13.09.2021 10:25:56 - array (
  'file' => '/var/www/html/wp-content/video1233322/6346515_upwork-2.mp4',
  'url' => '\\',
  'type' => 'video/mp4',
  'error' => false,
)
13.09.2021 10:42:48 - 68
13.09.2021 11:14:02 - 68
13.09.2021 11:15:58 - 68
13.09.2021 11:15:59 - 68
13.09.2021 11:16:07 - 68
13.09.2021 11:16:07 - 68
13.09.2021 11:17:03 - 68
13.09.2021 11:17:03 - 68
13.09.2021 11:18:10 - 68
13.09.2021 11:19:00 - 68
13.09.2021 11:19:00 - 68
13.09.2021 11:21:29 - 68
13.09.2021 11:21:29 - 68
13.09.2021 11:21:29 - 68
13.09.2021 11:21:35 - 68
13.09.2021 11:22:02 - 68
13.09.2021 11:22:02 - 68
13.09.2021 11:22:02 - 68
13.09.2021 11:22:03 - 68
13.09.2021 11:25:08 - 68
13.09.2021 11:25:40 - 68
13.09.2021 11:25:40 - 68
13.09.2021 11:26:40 - 68
13.09.2021 11:26:42 - 68
13.09.2021 11:26:42 - 68
13.09.2021 11:30:49 - 68
13.09.2021 11:30:49 - 68
13.09.2021 11:31:18 - 68
13.09.2021 11:31:18 - 68
13.09.2021 11:31:18 - 68
13.09.2021 11:33:22 - 68
13.09.2021 11:33:22 - 68
13.09.2021 11:35:00 - 68
13.09.2021 11:35:00 - 68
13.09.2021 11:35:00 - 68
13.09.2021 11:36:07 - 68
13.09.2021 11:36:07 - 68
13.09.2021 11:55:27 - 68
13.09.2021 11:55:27 - 68
13.09.2021 11:55:27 - 68
13.09.2021 11:55:38 - 68
13.09.2021 11:55:38 - 68
13.09.2021 11:55:38 - 68
13.09.2021 11:56:53 - 68
13.09.2021 11:56:53 - 68
13.09.2021 11:56:53 - 68
13.09.2021 11:57:08 - 68
13.09.2021 11:57:08 - 68
13.09.2021 11:57:08 - 68
13.09.2021 12:17:38 - 68
13.09.2021 12:20:43 - 68
13.09.2021 12:41:26 - 68
13.09.2021 13:05:55 - 68
13.09.2021 13:09:04 - 68
14.09.2021 04:35:37 - 68
14.09.2021 04:35:37 - 68
14.09.2021 04:42:33 - 68
14.09.2021 04:47:54 - 68
14.09.2021 04:47:57 - 68
14.09.2021 04:49:56 - 68
14.09.2021 04:49:59 - 68
14.09.2021 04:50:37 - 68
14.09.2021 04:52:01 - 68
14.09.2021 04:53:15 - 68
14.09.2021 04:53:54 - 68
14.09.2021 04:54:11 - 68
14.09.2021 04:57:04 - 68
14.09.2021 04:57:07 - 68
14.09.2021 04:58:12 - 68
14.09.2021 04:59:47 - 68
14.09.2021 04:59:56 - 68
14.09.2021 04:59:59 - 68
14.09.2021 05:00:05 - 68
14.09.2021 05:00:18 - 68
14.09.2021 05:00:30 - 68
14.09.2021 05:00:47 - 68
14.09.2021 05:01:14 - 68
14.09.2021 05:01:49 - 68
14.09.2021 05:03:33 - 68
14.09.2021 05:03:37 - 68
14.09.2021 05:05:06 - 68
14.09.2021 05:05:08 - 68
14.09.2021 05:05:45 - 68
14.09.2021 05:06:24 - 68
14.09.2021 05:06:41 - 68
14.09.2021 05:11:32 - 68
14.09.2021 05:12:14 - 68
14.09.2021 05:14:06 - 68
14.09.2021 05:14:31 - 68
14.09.2021 05:22:12 - 68
14.09.2021 05:24:06 - 68
14.09.2021 07:00:17 - 68
14.09.2021 07:00:24 - 68
14.09.2021 07:06:10 - 68
14.09.2021 07:06:11 - 68
14.09.2021 07:06:11 - 68
14.09.2021 07:06:11 - 68
14.09.2021 07:06:11 - 68
14.09.2021 07:06:11 - 68
14.09.2021 07:06:11 - 68
14.09.2021 07:06:12 - 68
14.09.2021 07:06:12 - 68
14.09.2021 07:06:12 - 68
14.09.2021 07:06:12 - 68
14.09.2021 07:06:12 - 68
14.09.2021 07:06:12 - 68
14.09.2021 07:06:12 - 68
14.09.2021 07:06:13 - 68
14.09.2021 07:06:13 - 68
14.09.2021 07:06:13 - 68
14.09.2021 07:06:13 - 68
14.09.2021 07:06:13 - 68
14.09.2021 07:06:13 - 68
14.09.2021 07:06:13 - 68
14.09.2021 07:06:13 - 68
14.09.2021 07:06:13 - 68
14.09.2021 07:06:13 - 68
14.09.2021 07:06:13 - 68
14.09.2021 07:06:13 - 68
14.09.2021 07:06:14 - 68
14.09.2021 07:06:15 - 68
14.09.2021 07:06:15 - 68
14.09.2021 07:06:35 - 68
14.09.2021 07:06:35 - 68
14.09.2021 07:06:35 - 68
14.09.2021 07:07:08 - 68
14.09.2021 07:07:08 - 68
14.09.2021 07:07:08 - 68
14.09.2021 07:09:09 - 68
14.09.2021 07:09:11 - 68
14.09.2021 07:09:40 - 68
14.09.2021 07:09:40 - 68
14.09.2021 07:09:40 - 68
14.09.2021 07:09:40 - 68
14.09.2021 07:09:40 - 68
14.09.2021 07:09:40 - 68
14.09.2021 07:10:46 - 68
14.09.2021 07:10:47 - 68
14.09.2021 08:29:06 - 68
14.09.2021 08:37:33 - 68
14.09.2021 08:37:49 - 68
14.09.2021 08:40:04 - 68
14.09.2021 08:40:16 - 68
14.09.2021 08:40:19 - 68
14.09.2021 08:40:30 - 68
14.09.2021 08:41:29 - 68
14.09.2021 08:46:46 - 68
14.09.2021 08:46:46 - 68
14.09.2021 08:48:48 - 68
14.09.2021 08:49:14 - 68
14.09.2021 08:49:30 - 68
14.09.2021 08:49:41 - 68
14.09.2021 08:49:47 - 68
14.09.2021 08:49:56 - 68
14.09.2021 08:50:35 - 68
14.09.2021 08:50:55 - 68
14.09.2021 08:51:59 - 68
14.09.2021 09:31:33 - 68
14.09.2021 09:35:11 - 68
14.09.2021 09:38:20 - 68
14.09.2021 09:43:38 - 68
14.09.2021 09:45:18 - 68
14.09.2021 09:52:29 - 68
14.09.2021 09:53:08 - 68
14.09.2021 09:53:08 - 68
14.09.2021 09:53:49 - 68
14.09.2021 09:53:49 - 68
14.09.2021 09:53:49 - 68
14.09.2021 09:55:39 - 68
14.09.2021 09:55:50 - 68
14.09.2021 09:55:50 - 68
14.09.2021 09:55:50 - 68
14.09.2021 10:10:26 - 68
14.09.2021 10:10:26 - 68
14.09.2021 10:30:41 - 68
14.09.2021 10:31:33 - 68
14.09.2021 10:31:33 - 68
14.09.2021 10:31:33 - 68
14.09.2021 10:34:29 - 68
14.09.2021 10:35:58 - 68
14.09.2021 10:35:58 - 68
14.09.2021 10:35:58 - 68
14.09.2021 10:36:04 - 68
14.09.2021 10:36:04 - 68
14.09.2021 10:36:04 - 68
15.09.2021 04:22:37 - 68
15.09.2021 04:23:20 - 68
15.09.2021 04:28:57 - 68
15.09.2021 04:31:07 - 68
15.09.2021 04:31:12 - 68
15.09.2021 04:31:27 - 68
15.09.2021 04:31:31 - 68
15.09.2021 04:39:50 - 68
15.09.2021 04:41:53 - 68
15.09.2021 04:41:53 - 68
15.09.2021 04:42:06 - 68
15.09.2021 05:19:59 - 68
15.09.2021 05:20:27 - 68
15.09.2021 06:04:14 - 68
15.09.2021 06:11:14 - 68
15.09.2021 06:11:49 - 68
15.09.2021 06:14:23 - 68
15.09.2021 06:14:23 - 68
15.09.2021 06:15:17 - 68
15.09.2021 06:15:17 - 68
15.09.2021 06:15:24 - 68
15.09.2021 06:15:24 - 68
15.09.2021 06:16:36 - 68
15.09.2021 06:16:36 - 68
15.09.2021 06:16:36 - 68
15.09.2021 06:17:15 - 68
15.09.2021 06:17:15 - 68
15.09.2021 06:17:25 - 68
15.09.2021 06:17:37 - 68
15.09.2021 06:21:06 - 68
15.09.2021 06:21:09 - 68
15.09.2021 06:21:18 - 68
15.09.2021 06:21:36 - 68
15.09.2021 06:24:21 - 68
15.09.2021 06:47:32 - 68
15.09.2021 07:04:02 - 68
15.09.2021 07:04:10 - 68
15.09.2021 07:04:33 - 68
15.09.2021 07:09:49 - 68
15.09.2021 07:09:52 - 68
15.09.2021 07:13:58 - 68
15.09.2021 07:14:02 - 68
15.09.2021 07:47:48 - 68
15.09.2021 07:47:51 - 68
15.09.2021 07:50:41 - 68
15.09.2021 07:50:43 - 68
15.09.2021 08:09:00 - 68
15.09.2021 08:09:19 - 68
15.09.2021 08:10:38 - 68
15.09.2021 08:19:25 - 68
15.09.2021 08:44:47 - 68
15.09.2021 08:47:09 - 68
15.09.2021 08:58:15 - 68
15.09.2021 08:58:15 - 68
15.09.2021 08:58:15 - 68
15.09.2021 08:58:15 - 68
15.09.2021 08:58:15 - 68
15.09.2021 08:58:15 - 68
15.09.2021 08:58:15 - 68
15.09.2021 08:58:16 - 68
15.09.2021 08:58:16 - 68
15.09.2021 08:58:16 - 68
15.09.2021 08:58:17 - 68
15.09.2021 08:58:17 - 68
15.09.2021 08:58:17 - 68
15.09.2021 08:58:17 - 68
15.09.2021 08:58:17 - 68
15.09.2021 08:58:17 - 68
15.09.2021 08:58:17 - 68
15.09.2021 08:58:17 - 68
15.09.2021 08:58:17 - 68
15.09.2021 08:58:17 - 68
15.09.2021 08:58:17 - 68
15.09.2021 08:58:17 - 68
15.09.2021 08:58:17 - 68
15.09.2021 08:58:17 - 68
15.09.2021 08:58:17 - 68
15.09.2021 08:58:17 - 68
15.09.2021 08:58:18 - 68
15.09.2021 08:58:18 - 68
15.09.2021 08:58:18 - 68
15.09.2021 08:58:18 - 68
15.09.2021 08:58:18 - 68
15.09.2021 08:58:18 - 68
15.09.2021 08:58:18 - 68
15.09.2021 08:58:18 - 68
15.09.2021 08:58:18 - 68
15.09.2021 08:58:18 - 68
15.09.2021 08:58:18 - 68
15.09.2021 08:58:18 - 68
15.09.2021 08:58:18 - 68
15.09.2021 08:58:18 - 68
15.09.2021 08:58:52 - 68
15.09.2021 08:58:52 - 68
15.09.2021 08:58:58 - 68
15.09.2021 08:58:58 - 68
15.09.2021 08:59:18 - 68
15.09.2021 08:59:18 - 68
15.09.2021 09:00:37 - 68
15.09.2021 09:00:37 - 68
15.09.2021 09:00:37 - 68
15.09.2021 09:00:37 - 68
15.09.2021 09:00:37 - 68
15.09.2021 09:00:37 - 68
15.09.2021 09:00:37 - 68
15.09.2021 09:00:37 - 68
15.09.2021 09:00:37 - 68
15.09.2021 09:00:37 - 68
15.09.2021 09:00:37 - 68
15.09.2021 09:00:37 - 68
15.09.2021 09:00:37 - 68
15.09.2021 09:00:38 - 68
15.09.2021 09:00:38 - 68
15.09.2021 09:00:38 - 68
15.09.2021 09:00:38 - 68
15.09.2021 09:00:38 - 68
15.09.2021 09:00:38 - 68
15.09.2021 09:00:38 - 68
15.09.2021 09:00:38 - 68
15.09.2021 09:00:38 - 68
15.09.2021 09:00:38 - 68
15.09.2021 09:00:38 - 68
15.09.2021 09:00:38 - 68
15.09.2021 09:00:38 - 68
15.09.2021 09:00:38 - 68
15.09.2021 09:00:38 - 68
15.09.2021 09:00:38 - 68
15.09.2021 09:00:38 - 68
15.09.2021 09:00:38 - 68
15.09.2021 09:00:39 - 68
15.09.2021 09:00:50 - 68
15.09.2021 09:00:50 - 68
15.09.2021 09:00:50 - 68
15.09.2021 09:00:50 - 68
15.09.2021 09:01:07 - 68
15.09.2021 09:01:17 - 68
15.09.2021 09:01:17 - 68
15.09.2021 09:01:29 - 68
15.09.2021 09:01:29 - 68
15.09.2021 09:02:05 - 68
15.09.2021 09:02:05 - 68
15.09.2021 09:02:12 - 68
15.09.2021 09:02:12 - 68
15.09.2021 09:02:31 - 68
15.09.2021 09:02:31 - 68
15.09.2021 09:02:39 - 68
15.09.2021 09:02:39 - 68
15.09.2021 09:03:27 - 68
15.09.2021 09:03:27 - 68
15.09.2021 09:09:22 - 68
15.09.2021 09:09:22 - 68
15.09.2021 09:09:22 - 68
15.09.2021 09:09:33 - 68
15.09.2021 09:09:33 - 68
15.09.2021 09:09:42 - 68
15.09.2021 09:10:58 - 68
15.09.2021 09:15:38 - 68
15.09.2021 09:18:37 - 68
15.09.2021 09:19:51 - 68
15.09.2021 09:19:59 - 68
15.09.2021 09:19:59 - 68
15.09.2021 09:24:10 - 68
15.09.2021 09:24:20 - 68
15.09.2021 09:24:27 - 68
15.09.2021 09:36:35 - 68
15.09.2021 09:37:23 - 68
15.09.2021 09:46:05 - 68
15.09.2021 09:46:42 - 68
15.09.2021 10:29:33 - 68
15.09.2021 10:29:46 - 68
15.09.2021 10:46:50 - 68
15.09.2021 11:21:58 - 68
16.09.2021 04:38:45 - 68
21.09.2021 04:47:48 - 68
21.09.2021 04:58:22 - 68
21.09.2021 04:58:22 - 68
21.09.2021 04:58:22 - 68
21.09.2021 05:00:08 - 68
21.09.2021 05:00:08 - 68
21.09.2021 05:01:07 - 68
21.09.2021 05:01:07 - 68
21.09.2021 05:01:08 - 68
21.09.2021 05:01:13 - 68
21.09.2021 05:04:40 - 68
21.09.2021 05:04:40 - 68
21.09.2021 05:04:40 - 68
21.09.2021 05:05:29 - 68
21.09.2021 05:05:29 - 68
21.09.2021 05:35:35 - 68
21.09.2021 05:36:19 - 68
21.09.2021 05:36:21 - 68
21.09.2021 05:37:42 - 68
21.09.2021 05:37:44 - 68
21.09.2021 05:46:28 - 68
21.09.2021 05:48:49 - 68
21.09.2021 05:48:55 - 68
21.09.2021 05:49:06 - 68
21.09.2021 05:49:25 - 68
21.09.2021 05:55:42 - 68
21.09.2021 06:02:56 - 68
21.09.2021 06:03:24 - 68
21.09.2021 06:03:25 - 68
21.09.2021 06:03:38 - 68
21.09.2021 06:05:58 - 68
21.09.2021 06:24:49 - 68
21.09.2021 06:25:27 - 68
21.09.2021 06:33:20 - 68
21.09.2021 08:09:37 - 68
21.09.2021 08:09:57 - 68
21.09.2021 08:10:10 - 68
21.09.2021 08:10:32 - 68
21.09.2021 08:10:57 - 68
21.09.2021 08:12:10 - 68
21.09.2021 08:15:38 - 68
21.09.2021 08:15:42 - 68
21.09.2021 08:15:50 - 68
21.09.2021 08:19:02 - 68
21.09.2021 08:24:53 - 68
21.09.2021 08:28:30 - 68
21.09.2021 08:29:13 - 68
21.09.2021 08:29:47 - 68
21.09.2021 08:34:22 - 68
21.09.2021 08:43:56 - 68
21.09.2021 08:43:56 - 68
21.09.2021 08:44:03 - 68
21.09.2021 08:44:04 - 68
21.09.2021 08:44:10 - 68
21.09.2021 08:44:10 - 68
21.09.2021 09:12:43 - 68
21.09.2021 09:12:51 - 68
21.09.2021 09:12:51 - 68
21.09.2021 10:41:17 - 68
21.09.2021 10:41:17 - 68
21.09.2021 10:41:36 - 68
21.09.2021 10:41:36 - 68
21.09.2021 10:45:41 - 68
21.09.2021 10:46:17 - 68
21.09.2021 10:50:37 - 68
21.09.2021 10:51:22 - 68
21.09.2021 10:52:59 - 68
21.09.2021 10:53:12 - 68
21.09.2021 10:57:34 - 68
21.09.2021 10:58:56 - 68
21.09.2021 10:59:03 - 68
21.09.2021 11:00:43 - 68
21.09.2021 11:00:47 - 68
21.09.2021 11:06:56 - 68
21.09.2021 11:13:28 - 68
21.09.2021 11:21:54 - 68
21.09.2021 11:27:05 - 68
21.09.2021 11:31:36 - 68
21.09.2021 11:31:57 - 68
21.09.2021 11:40:40 - 68
21.09.2021 12:06:11 - 68
21.09.2021 12:06:13 - 68
21.09.2021 12:28:55 - 68
21.09.2021 12:42:54 - 68
21.09.2021 12:44:34 - 68
21.09.2021 12:44:54 - 68
21.09.2021 12:49:00 - 68
21.09.2021 12:50:40 - 68
21.09.2021 12:52:21 - 68
21.09.2021 12:52:58 - 68
21.09.2021 12:53:22 - 68
21.09.2021 12:54:01 - 68
21.09.2021 13:06:23 - 68
21.09.2021 13:06:28 - 68
21.09.2021 13:17:55 - 68
21.09.2021 13:17:55 - 68
21.09.2021 13:17:55 - 68
21.09.2021 13:17:56 - 68
21.09.2021 13:17:56 - 68
21.09.2021 13:17:56 - 68
21.09.2021 13:17:56 - 68
21.09.2021 13:17:56 - 68
21.09.2021 13:17:56 - 68
21.09.2021 13:17:56 - 68
21.09.2021 13:17:56 - 68
21.09.2021 13:17:56 - 68
21.09.2021 13:17:56 - 68
21.09.2021 13:17:56 - 68
21.09.2021 13:17:56 - 68
21.09.2021 13:17:56 - 68
21.09.2021 13:17:57 - 68
21.09.2021 13:17:57 - 68
21.09.2021 13:17:57 - 68
21.09.2021 13:17:57 - 68
21.09.2021 13:18:05 - 68
21.09.2021 13:18:06 - 68
21.09.2021 13:18:06 - 68
21.09.2021 13:18:06 - 68
21.09.2021 13:18:06 - 68
21.09.2021 13:18:06 - 68
21.09.2021 13:18:06 - 68
21.09.2021 13:18:06 - 68
22.09.2021 04:02:52 - 68
22.09.2021 04:06:37 - 68
22.09.2021 04:17:40 - 68
22.09.2021 05:56:40 - 68
22.09.2021 07:24:49 - 68
22.09.2021 07:25:11 - 68
22.09.2021 07:25:11 - 68
22.09.2021 07:25:42 - 68
22.09.2021 07:25:42 - 68
22.09.2021 07:26:19 - 68
22.09.2021 07:26:19 - 68
22.09.2021 07:29:08 - 68
22.09.2021 07:29:11 - 68
22.09.2021 07:37:43 - 68
22.09.2021 07:38:35 - 68
22.09.2021 07:38:38 - 68
22.09.2021 07:43:15 - 68
22.09.2021 08:06:51 - 68
22.09.2021 08:06:54 - 68
22.09.2021 08:06:55 - 68
22.09.2021 09:13:20 - 68
22.09.2021 09:13:21 - 68
22.09.2021 11:02:37 - 68
22.09.2021 11:02:40 - 68
22.09.2021 11:04:41 - 68
22.09.2021 11:04:46 - 68
22.09.2021 11:14:10 - 68
22.09.2021 11:20:07 - 68
22.09.2021 11:23:27 - 68
22.09.2021 11:24:14 - 68
22.09.2021 11:24:19 - 68
22.09.2021 11:50:22 - 68
22.09.2021 11:51:21 - 68
22.09.2021 11:51:24 - 68
22.09.2021 11:51:33 - 68
22.09.2021 11:51:33 - 68
22.09.2021 11:55:13 - 68
22.09.2021 11:55:16 - 68
22.09.2021 11:56:08 - 68
22.09.2021 11:56:08 - 68
22.09.2021 12:02:18 - 68
22.09.2021 12:02:21 - 68
22.09.2021 12:02:39 - 68
22.09.2021 12:02:39 - 68
23.09.2021 04:28:34 - 68
23.09.2021 04:29:23 - 68
23.09.2021 04:29:23 - 68
23.09.2021 04:29:23 - 68
23.09.2021 04:29:23 - 68
23.09.2021 04:29:23 - 68
23.09.2021 04:29:23 - 68
23.09.2021 04:29:23 - 68
23.09.2021 04:29:23 - 68
23.09.2021 04:29:23 - 68
23.09.2021 04:29:23 - 68
23.09.2021 04:29:23 - 68
23.09.2021 04:29:23 - 68
23.09.2021 04:29:23 - 68
23.09.2021 04:29:23 - 68
23.09.2021 04:29:23 - 68
23.09.2021 04:29:23 - 68
23.09.2021 04:29:23 - 68
23.09.2021 04:29:23 - 68
23.09.2021 04:29:24 - 68
23.09.2021 04:29:24 - 68
23.09.2021 04:29:31 - 68
23.09.2021 04:29:31 - 68
23.09.2021 04:29:31 - 68
23.09.2021 04:29:31 - 68
23.09.2021 04:29:31 - 68
23.09.2021 04:29:32 - 68
23.09.2021 04:29:32 - 68
23.09.2021 04:29:32 - 68
23.09.2021 04:29:32 - 68
23.09.2021 04:29:32 - 68
23.09.2021 04:29:32 - 68
23.09.2021 04:29:32 - 68
23.09.2021 04:29:32 - 68
23.09.2021 04:29:32 - 68
23.09.2021 04:29:33 - 68
23.09.2021 04:29:33 - 68
23.09.2021 04:29:33 - 68
23.09.2021 04:29:33 - 68
23.09.2021 04:29:33 - 68
23.09.2021 04:29:33 - 68
23.09.2021 04:29:42 - 68
23.09.2021 04:29:42 - 68
23.09.2021 04:29:42 - 68
23.09.2021 04:29:42 - 68
23.09.2021 04:29:42 - 68
23.09.2021 04:29:42 - 68
23.09.2021 04:29:42 - 68
23.09.2021 04:29:42 - 68
23.09.2021 04:29:42 - 68
23.09.2021 04:29:42 - 68
23.09.2021 04:29:42 - 68
23.09.2021 04:29:42 - 68
23.09.2021 04:29:42 - 68
23.09.2021 04:29:42 - 68
23.09.2021 04:29:42 - 68
23.09.2021 04:29:42 - 68
23.09.2021 04:29:42 - 68
23.09.2021 04:29:42 - 68
23.09.2021 04:29:42 - 68
23.09.2021 04:29:42 - 68
23.09.2021 04:29:49 - 68
23.09.2021 04:29:49 - 68
23.09.2021 04:29:49 - 68
23.09.2021 04:29:49 - 68
23.09.2021 04:29:49 - 68
23.09.2021 04:29:49 - 68
23.09.2021 04:29:49 - 68
23.09.2021 04:29:49 - 68
23.09.2021 04:29:49 - 68
23.09.2021 04:29:49 - 68
23.09.2021 04:29:49 - 68
23.09.2021 04:29:49 - 68
23.09.2021 04:29:49 - 68
23.09.2021 04:29:49 - 68
23.09.2021 04:29:49 - 68
23.09.2021 04:29:50 - 68
23.09.2021 04:29:50 - 68
23.09.2021 04:29:50 - 68
23.09.2021 04:29:50 - 68
23.09.2021 04:31:32 - 68
23.09.2021 04:33:27 - 68
23.09.2021 04:33:32 - 68
23.09.2021 04:34:35 - 68
23.09.2021 05:24:03 - 68
23.09.2021 06:01:08 - 68
23.09.2021 06:01:10 - 68
23.09.2021 06:01:56 - 68
23.09.2021 06:01:56 - 68
23.09.2021 06:15:20 - 68
23.09.2021 06:15:45 - 68
23.09.2021 06:15:45 - 68
23.09.2021 06:17:58 - 68
23.09.2021 06:17:59 - 68
23.09.2021 06:50:08 - 68
23.09.2021 06:50:14 - 68
23.09.2021 06:58:28 - 68
23.09.2021 06:58:30 - 68
23.09.2021 06:58:46 - 68
23.09.2021 06:58:46 - 68
23.09.2021 07:04:34 - 68
23.09.2021 07:08:46 - 68
23.09.2021 07:08:46 - 68
23.09.2021 07:17:03 - 68
23.09.2021 07:17:05 - 68
23.09.2021 07:58:11 - 68
23.09.2021 07:58:26 - 68
23.09.2021 07:58:36 - 68
23.09.2021 08:15:30 - 68
23.09.2021 08:16:30 - 68
23.09.2021 08:42:14 - 68
23.09.2021 09:48:52 - 68
23.09.2021 09:49:22 - 68
23.09.2021 09:49:22 - 68
23.09.2021 09:49:50 - 68
23.09.2021 11:00:26 - 68
23.09.2021 11:05:21 - 68
23.09.2021 11:57:27 - 68
23.09.2021 11:57:47 - 68
23.09.2021 11:57:47 - 74
23.09.2021 11:57:47 - 79
23.09.2021 11:57:47 - 68
23.09.2021 11:57:47 - 74
23.09.2021 11:57:47 - 79
24.09.2021 18:34:24 - 68
24.09.2021 18:45:21 - 68
24.09.2021 18:59:57 - 68
24.09.2021 18:59:57 - 68
24.09.2021 19:00:00 - 68
24.09.2021 19:00:08 - 68
24.09.2021 19:00:16 - 68
24.09.2021 19:00:17 - 68
24.09.2021 19:11:11 - 68
24.09.2021 19:12:08 - 68
24.09.2021 19:48:03 - 68
24.09.2021 19:54:04 - 68
24.09.2021 19:54:08 - 68
24.09.2021 19:54:22 - 68
24.09.2021 20:01:05 - 68
24.09.2021 20:01:09 - 68
24.09.2021 20:01:25 - 68
24.09.2021 20:01:47 - 68
24.09.2021 20:01:54 - 68
24.09.2021 20:18:40 - 68
24.09.2021 20:18:45 - 68
24.09.2021 20:18:57 - 68
24.09.2021 20:18:57 - 68
25.09.2021 09:59:25 - 68
25.09.2021 10:00:45 - 68
25.09.2021 10:01:26 - 68
25.09.2021 11:46:31 - 68
25.09.2021 11:48:55 - 68
26.09.2021 13:01:51 - 68
26.09.2021 13:02:05 - 68
26.09.2021 13:02:18 - 68
26.09.2021 13:04:58 - 68
26.09.2021 13:05:06 - 68
26.09.2021 13:05:35 - 68
26.09.2021 13:06:28 - 68
26.09.2021 13:07:35 - 68
26.09.2021 13:07:47 - 68
26.09.2021 13:07:54 - 68
26.09.2021 13:08:16 - 68
26.09.2021 13:08:20 - 68
26.09.2021 13:08:27 - 68
26.09.2021 13:10:36 - 68
26.09.2021 13:12:00 - 68
26.09.2021 13:13:15 - 68
26.09.2021 13:15:58 - 68
26.09.2021 13:16:46 - 68
26.09.2021 13:17:34 - 68
26.09.2021 13:18:20 - 68
26.09.2021 13:20:40 - 68
26.09.2021 13:21:44 - 68
26.09.2021 13:22:01 - 68
26.09.2021 13:22:44 - 68
26.09.2021 13:23:37 - 68
26.09.2021 13:25:49 - 68
26.09.2021 13:26:26 - 68
26.09.2021 13:27:08 - 68
26.09.2021 13:27:55 - 68
26.09.2021 13:29:11 - 68
26.09.2021 13:32:17 - 68
26.09.2021 13:41:11 - 68
26.09.2021 15:11:49 - 68
26.09.2021 15:11:57 - 68
26.09.2021 15:12:09 - 68
26.09.2021 15:12:14 - 68
27.09.2021 10:26:16 - 68
27.09.2021 10:26:35 - 68
27.09.2021 10:26:43 - 68
27.09.2021 10:26:57 - 68
27.09.2021 10:27:48 - 68
27.09.2021 10:57:01 - 68
27.09.2021 10:59:03 - 68
27.09.2021 11:04:48 - 68
27.09.2021 11:12:58 - 68
27.09.2021 11:40:24 - 68
27.09.2021 11:42:23 - 68
27.09.2021 15:09:57 - 68
27.09.2021 15:10:26 - 68
27.09.2021 15:11:37 - 68
27.09.2021 16:33:09 - 68
27.09.2021 16:41:46 - 68
27.09.2021 16:42:25 - 68
27.09.2021 16:49:44 - 68
27.09.2021 16:56:10 - 68
28.09.2021 09:25:50 - 68
29.09.2021 10:22:01 - 68
29.09.2021 10:28:04 - 68
29.09.2021 10:47:57 - 68
29.09.2021 11:21:05 - 68
29.09.2021 11:21:20 - 68
29.09.2021 11:21:21 - 68
29.09.2021 11:21:42 - 68
29.09.2021 11:21:42 - 68
29.09.2021 11:22:11 - 68
29.09.2021 11:23:12 - 68
29.09.2021 11:23:12 - 68
29.09.2021 11:25:59 - 68
29.09.2021 11:26:00 - 68
29.09.2021 11:26:27 - 68
29.09.2021 15:23:12 - 68
29.09.2021 15:30:22 - 68
29.09.2021 15:46:07 - 68
29.09.2021 15:46:52 - 68
29.09.2021 15:49:32 - 68
29.09.2021 15:50:44 - 68
29.09.2021 15:50:58 - 68
29.09.2021 16:02:18 - 68
29.09.2021 16:05:49 - 68
29.09.2021 16:12:38 - 68
29.09.2021 16:13:16 - 68
29.09.2021 19:41:54 - 68
29.09.2021 19:42:07 - 68
29.09.2021 19:43:07 - 68
29.09.2021 19:46:12 - 68
29.09.2021 20:06:42 - 68
29.09.2021 20:06:57 - 68
30.09.2021 07:34:19 - 68
30.09.2021 07:35:08 - 68
30.09.2021 07:35:18 - 68
30.09.2021 07:35:28 - 68
30.09.2021 07:36:04 - 68
30.09.2021 07:57:35 - 68
30.09.2021 08:04:25 - 68
30.09.2021 11:35:50 - 68
30.09.2021 11:37:08 - 68
30.09.2021 14:35:42 - 68
30.09.2021 14:36:06 - 68
01.10.2021 04:52:31 - 68
01.10.2021 04:53:43 - 68
01.10.2021 05:04:13 - 68
04.10.2021 11:35:44 - 68
04.10.2021 11:35:59 - 68
05.10.2021 10:09:48 - 68
05.10.2021 10:09:51 - 68
05.10.2021 10:11:08 - 68
05.10.2021 10:11:08 - 68
05.10.2021 10:11:30 - 68
05.10.2021 10:11:30 - 68
05.10.2021 10:11:48 - 68
05.10.2021 10:11:48 - 68
05.10.2021 10:12:01 - 68
05.10.2021 10:12:01 - 68
05.10.2021 11:49:47 - 68
05.10.2021 11:49:47 - 68
05.10.2021 11:50:04 - 68
05.10.2021 11:50:05 - 68
05.10.2021 11:50:05 - 68
05.10.2021 11:50:05 - 68
05.10.2021 11:50:05 - 68
05.10.2021 11:50:05 - 68
05.10.2021 11:50:05 - 68
05.10.2021 11:50:05 - 68
05.10.2021 11:50:06 - 68
05.10.2021 11:50:06 - 68
05.10.2021 11:50:06 - 68
05.10.2021 11:50:06 - 68
05.10.2021 11:50:06 - 68
05.10.2021 11:50:06 - 68
05.10.2021 11:50:06 - 68
05.10.2021 11:50:06 - 68
05.10.2021 11:50:06 - 68
05.10.2021 11:50:06 - 68
05.10.2021 11:50:07 - 68
05.10.2021 11:50:07 - 68
05.10.2021 11:50:07 - 68
05.10.2021 11:50:07 - 68
05.10.2021 11:50:07 - 68
05.10.2021 11:50:07 - 68
05.10.2021 11:50:07 - 68
05.10.2021 11:50:07 - 68
05.10.2021 11:50:07 - 68
05.10.2021 11:50:07 - 68
05.10.2021 11:50:07 - 68
05.10.2021 11:50:07 - 68
05.10.2021 11:50:07 - 68
05.10.2021 11:50:07 - 68
05.10.2021 11:50:07 - 68
05.10.2021 11:50:07 - 68
05.10.2021 11:50:07 - 68
05.10.2021 11:50:07 - 68
05.10.2021 11:50:07 - 68
05.10.2021 11:50:07 - 68
05.10.2021 11:50:07 - 68
05.10.2021 11:50:07 - 68
05.10.2021 11:50:08 - 68
05.10.2021 11:50:08 - 68
05.10.2021 11:50:08 - 68
05.10.2021 11:50:08 - 68
05.10.2021 11:50:08 - 68
05.10.2021 11:50:08 - 68
05.10.2021 11:50:08 - 68
05.10.2021 11:50:08 - 68
05.10.2021 11:50:08 - 68
05.10.2021 11:50:08 - 68
05.10.2021 11:50:08 - 68
05.10.2021 11:50:08 - 68
05.10.2021 11:50:08 - 68
05.10.2021 11:50:08 - 68
05.10.2021 11:50:08 - 68
05.10.2021 11:50:08 - 68
05.10.2021 11:50:08 - 68
05.10.2021 11:50:08 - 68
05.10.2021 11:50:08 - 68
05.10.2021 11:50:09 - 68
05.10.2021 11:50:09 - 68
05.10.2021 11:50:09 - 68
05.10.2021 11:50:09 - 68
05.10.2021 11:50:09 - 68
05.10.2021 11:50:09 - 68
05.10.2021 11:50:09 - 68
05.10.2021 11:50:09 - 68
05.10.2021 11:50:09 - 68
05.10.2021 11:50:09 - 68
05.10.2021 11:50:09 - 68
05.10.2021 11:50:09 - 68
05.10.2021 11:50:09 - 68
05.10.2021 11:50:09 - 68
05.10.2021 11:50:09 - 68
05.10.2021 11:50:09 - 68
05.10.2021 11:50:09 - 68
05.10.2021 11:50:09 - 68
05.10.2021 11:50:09 - 68
05.10.2021 11:50:09 - 68
05.10.2021 11:50:09 - 68
05.10.2021 11:50:09 - 68
05.10.2021 11:50:09 - 68
05.10.2021 11:50:09 - 68
05.10.2021 11:50:09 - 68
05.10.2021 11:50:09 - 68
05.10.2021 11:50:09 - 68
05.10.2021 11:50:09 - 68
05.10.2021 11:50:09 - 68
05.10.2021 11:50:09 - 68
05.10.2021 11:50:09 - 68
05.10.2021 11:50:09 - 68
05.10.2021 11:50:09 - 68
05.10.2021 11:50:09 - 68
05.10.2021 11:50:09 - 68
05.10.2021 11:50:10 - 68
05.10.2021 11:50:10 - 68
05.10.2021 11:50:10 - 68
05.10.2021 11:50:10 - 68
05.10.2021 11:50:10 - 68
05.10.2021 11:50:10 - 68
05.10.2021 11:50:10 - 68
05.10.2021 11:50:10 - 68
05.10.2021 11:50:10 - 68
05.10.2021 11:50:10 - 68
05.10.2021 11:50:10 - 68
05.10.2021 11:50:10 - 68
05.10.2021 11:50:10 - 68
05.10.2021 11:50:10 - 68
05.10.2021 11:50:10 - 68
05.10.2021 11:50:10 - 68
05.10.2021 11:50:10 - 68
05.10.2021 11:50:10 - 68
05.10.2021 11:50:10 - 68
05.10.2021 11:50:10 - 68
05.10.2021 11:50:10 - 68
05.10.2021 11:50:10 - 68
05.10.2021 11:50:10 - 68
05.10.2021 11:50:10 - 68
05.10.2021 11:50:10 - 68
05.10.2021 11:50:10 - 68
05.10.2021 11:50:11 - 68
05.10.2021 11:50:11 - 68
05.10.2021 11:50:11 - 68
05.10.2021 11:50:11 - 68
05.10.2021 11:50:11 - 68
05.10.2021 11:50:11 - 68
05.10.2021 11:50:11 - 68
05.10.2021 11:50:11 - 68
05.10.2021 11:50:11 - 68
05.10.2021 11:50:11 - 68
05.10.2021 11:50:11 - 68
05.10.2021 11:50:11 - 68
05.10.2021 11:50:11 - 68
05.10.2021 11:50:11 - 68
05.10.2021 11:50:11 - 68
05.10.2021 11:50:11 - 68
05.10.2021 11:50:11 - 68
05.10.2021 11:50:11 - 68
05.10.2021 11:50:11 - 68
05.10.2021 11:50:11 - 68
05.10.2021 11:50:11 - 68
05.10.2021 11:50:11 - 68
05.10.2021 11:50:11 - 68
05.10.2021 11:50:11 - 68
05.10.2021 11:50:11 - 68
05.10.2021 11:50:11 - 68
05.10.2021 11:50:11 - 68
05.10.2021 11:50:11 - 68
05.10.2021 11:50:11 - 68
05.10.2021 11:50:11 - 68
05.10.2021 11:50:11 - 68
05.10.2021 11:50:11 - 68
05.10.2021 11:50:11 - 68
05.10.2021 11:50:11 - 68
05.10.2021 11:50:12 - 68
05.10.2021 11:50:12 - 68
05.10.2021 11:50:12 - 68
05.10.2021 11:50:12 - 68
05.10.2021 11:50:12 - 68
05.10.2021 11:50:12 - 68
05.10.2021 11:50:12 - 68
05.10.2021 11:50:12 - 68
05.10.2021 11:50:12 - 68
05.10.2021 11:50:12 - 68
05.10.2021 11:50:12 - 68
05.10.2021 11:50:12 - 68
05.10.2021 11:50:12 - 68
05.10.2021 11:50:12 - 68
05.10.2021 11:50:12 - 68
05.10.2021 11:50:12 - 68
05.10.2021 11:50:12 - 68
05.10.2021 11:51:04 - 68
05.10.2021 11:51:04 - 68
05.10.2021 11:51:33 - 68
05.10.2021 11:51:33 - 68
05.10.2021 11:52:45 - 68
05.10.2021 11:52:45 - 68
05.10.2021 11:53:16 - 68
05.10.2021 11:53:18 - 68
05.10.2021 12:07:32 - 68
05.10.2021 12:07:32 - 68
05.10.2021 12:07:32 - 68
05.10.2021 12:07:32 - 68
05.10.2021 12:07:32 - 68
05.10.2021 12:08:29 - 68
05.10.2021 12:08:36 - 68
05.10.2021 12:15:49 - 68
05.10.2021 12:15:54 - 68
05.10.2021 12:18:59 - 68
05.10.2021 12:19:07 - 68
05.10.2021 12:21:18 - 68
05.10.2021 12:21:24 - 68
05.10.2021 12:21:29 - 68
05.10.2021 12:21:36 - 68
05.10.2021 12:21:39 - 68
05.10.2021 12:21:39 - 68
05.10.2021 12:21:39 - 68
05.10.2021 12:21:40 - 68
05.10.2021 12:21:49 - 68
05.10.2021 12:21:57 - 68
05.10.2021 12:22:04 - 68
05.10.2021 12:22:11 - 68
05.10.2021 12:22:18 - 68
05.10.2021 12:22:18 - 68
05.10.2021 12:22:18 - 68
05.10.2021 12:22:18 - 68
05.10.2021 12:22:31 - 68
05.10.2021 12:22:39 - 68
05.10.2021 12:22:41 - 68
05.10.2021 12:22:42 - 68
05.10.2021 12:23:43 - 68
05.10.2021 12:23:43 - 68
05.10.2021 12:23:43 - 68
05.10.2021 12:24:13 - 68
05.10.2021 12:24:14 - 68
05.10.2021 12:24:15 - 68
05.10.2021 12:24:17 - 68
05.10.2021 12:24:30 - 68
05.10.2021 12:24:31 - 68
05.10.2021 12:25:11 - 68
05.10.2021 12:25:18 - 68
05.10.2021 12:25:19 - 68
05.10.2021 12:25:36 - 68
05.10.2021 12:25:51 - 68
05.10.2021 12:26:17 - 68
05.10.2021 12:26:26 - 68
05.10.2021 12:26:27 - 68
05.10.2021 12:26:48 - 68
05.10.2021 12:29:16 - 68
05.10.2021 12:29:18 - 68
05.10.2021 12:29:19 - 68
05.10.2021 12:29:21 - 68
05.10.2021 12:29:38 - 68
05.10.2021 12:29:48 - 68
05.10.2021 12:29:55 - 68
05.10.2021 12:30:08 - 68
05.10.2021 12:30:11 - 68
05.10.2021 12:30:24 - 68
05.10.2021 12:30:41 - 68
05.10.2021 12:30:44 - 68
05.10.2021 12:30:58 - 68
05.10.2021 18:16:41 - 68
05.10.2021 18:18:49 - 68
05.10.2021 18:21:46 - 68
05.10.2021 18:25:23 - 68
05.10.2021 18:37:13 - 68
06.10.2021 07:23:31 - 68
06.10.2021 07:24:09 - 68
06.10.2021 07:24:32 - 68
06.10.2021 07:24:44 - 68
06.10.2021 07:24:44 - 68
06.10.2021 07:24:45 - 68
06.10.2021 07:24:45 - 68
06.10.2021 07:24:45 - 68
06.10.2021 07:24:45 - 68
06.10.2021 07:27:12 - 68
06.10.2021 07:27:12 - 68
06.10.2021 07:27:12 - 68
06.10.2021 07:27:12 - 68
06.10.2021 07:27:12 - 68
06.10.2021 07:27:12 - 68
06.10.2021 08:52:26 - 68
06.10.2021 08:52:26 - 68
06.10.2021 08:52:26 - 68
06.10.2021 08:52:26 - 68
06.10.2021 08:52:49 - 68
06.10.2021 08:53:04 - 68
06.10.2021 08:53:15 - 68
06.10.2021 08:53:21 - 68
06.10.2021 08:53:27 - 68
06.10.2021 08:53:30 - 68
06.10.2021 08:59:41 - 68
06.10.2021 08:59:46 - 68
06.10.2021 09:05:14 - 68
06.10.2021 09:05:27 - 68
06.10.2021 09:05:36 - 68
06.10.2021 09:05:40 - 68
06.10.2021 09:05:40 - 68
06.10.2021 09:05:41 - 68
06.10.2021 09:05:41 - 68
06.10.2021 09:08:41 - 68
06.10.2021 09:08:41 - 68
06.10.2021 09:08:41 - 68
06.10.2021 09:59:40 - 68
06.10.2021 10:01:14 - 68
06.10.2021 10:01:58 - 68
06.10.2021 10:02:07 - 68
06.10.2021 10:02:08 - 68
06.10.2021 10:02:16 - 68
06.10.2021 10:04:01 - 68
06.10.2021 10:05:36 - 68
06.10.2021 10:06:18 - 68
06.10.2021 10:06:22 - 68
06.10.2021 10:06:23 - 68
06.10.2021 10:07:17 - 68
06.10.2021 10:07:47 - 68
06.10.2021 10:08:10 - 68
06.10.2021 10:08:27 - 68
06.10.2021 10:10:28 - 68
06.10.2021 10:14:50 - 68
06.10.2021 10:14:56 - 68
06.10.2021 10:21:48 - 68
06.10.2021 10:21:54 - 68
06.10.2021 10:26:24 - 68
06.10.2021 10:26:25 - 68
06.10.2021 10:26:25 - 68
06.10.2021 10:26:32 - 68
06.10.2021 10:26:44 - 68
06.10.2021 10:28:04 - 68
06.10.2021 10:28:13 - 68
06.10.2021 10:28:54 - 68
06.10.2021 10:28:59 - 68
06.10.2021 10:29:43 - 68
06.10.2021 10:29:43 - 68
06.10.2021 10:29:43 - 68
06.10.2021 10:29:43 - 68
06.10.2021 10:29:43 - 68
06.10.2021 10:31:07 - 68
06.10.2021 10:31:12 - 68
06.10.2021 11:41:31 - 68
06.10.2021 11:41:37 - 68
06.10.2021 11:44:33 - 68
06.10.2021 11:44:37 - 68
06.10.2021 13:02:26 - 68
07.10.2021 10:12:41 - 68
07.10.2021 10:16:36 - 68
07.10.2021 10:16:47 - 68
07.10.2021 10:16:55 - 68
07.10.2021 10:17:02 - 68
07.10.2021 10:17:09 - 68
11.10.2021 06:16:07 - 68
11.10.2021 06:16:13 - 68
11.10.2021 06:30:18 - 68
11.10.2021 06:30:26 - 68
11.10.2021 07:48:46 - 68
11.10.2021 07:48:50 - 68
11.10.2021 09:57:54 - 68
11.10.2021 09:57:54 - 68
11.10.2021 09:57:54 - 68
11.10.2021 09:57:54 - 68
11.10.2021 09:57:54 - 68
11.10.2021 09:57:54 - 68
11.10.2021 09:57:54 - 68
11.10.2021 09:57:54 - 68
11.10.2021 09:57:54 - 68
11.10.2021 09:57:54 - 68
11.10.2021 09:57:54 - 68
11.10.2021 10:00:13 - 68
11.10.2021 10:00:21 - 68
11.10.2021 10:02:40 - 68
11.10.2021 10:02:46 - 68
12.10.2021 07:46:21 - 68
12.10.2021 07:46:24 - 68
12.10.2021 07:47:00 - 68
12.10.2021 07:48:01 - 68
12.10.2021 07:48:01 - 68
12.10.2021 07:48:01 - 68
12.10.2021 07:48:01 - 68
12.10.2021 07:48:35 - 68
12.10.2021 07:48:59 - 68
12.10.2021 07:48:59 - 68
12.10.2021 07:49:00 - 68
12.10.2021 07:49:00 - 68
12.10.2021 07:52:02 - 68
12.10.2021 07:52:02 - 68
12.10.2021 08:50:15 - 68
12.10.2021 08:50:21 - 68
12.10.2021 08:54:49 - 68
12.10.2021 08:54:53 - 68
12.10.2021 08:56:33 - 68
12.10.2021 08:56:38 - 68
12.10.2021 08:56:49 - 68
12.10.2021 08:56:53 - 68
13.10.2021 12:55:37 - 68
13.10.2021 12:55:48 - 68
13.10.2021 12:58:41 - 68
13.10.2021 12:58:56 - 68
13.10.2021 13:15:10 - 68
13.10.2021 13:15:32 - 68
13.10.2021 13:21:21 - 68
13.10.2021 13:21:29 - 68
13.10.2021 13:24:46 - 68
13.10.2021 13:24:58 - 68
13.10.2021 13:29:49 - 68
13.10.2021 13:29:57 - 68
14.10.2021 12:33:23 - 68
14.10.2021 12:35:17 - 68
14.10.2021 12:35:43 - 68
14.10.2021 14:24:41 - 68
14.10.2021 14:24:41 - 68
14.10.2021 14:24:42 - 68
14.10.2021 14:24:42 - 68
14.10.2021 14:24:42 - 68
14.10.2021 14:24:42 - 68
14.10.2021 14:24:42 - 68
14.10.2021 14:24:42 - 68
14.10.2021 14:24:42 - 68
14.10.2021 14:24:42 - 68
14.10.2021 14:24:42 - 68
14.10.2021 14:24:42 - 68
14.10.2021 14:24:42 - 68
14.10.2021 14:24:42 - 68
14.10.2021 14:24:42 - 68
14.10.2021 14:24:42 - 68
14.10.2021 14:24:42 - 68
14.10.2021 14:25:30 - 68
14.10.2021 14:26:41 - 68
14.10.2021 14:26:41 - 68
14.10.2021 14:26:42 - 68
14.10.2021 14:26:42 - 68
14.10.2021 14:26:42 - 68
14.10.2021 14:26:42 - 68
14.10.2021 14:26:42 - 68
14.10.2021 14:26:42 - 68
14.10.2021 14:26:42 - 68
14.10.2021 14:26:42 - 68
14.10.2021 14:26:42 - 68
14.10.2021 14:26:42 - 68
15.10.2021 09:01:33 - 68
15.10.2021 09:01:40 - 68
15.10.2021 09:03:10 - 68
15.10.2021 09:03:16 - 68
15.10.2021 13:41:41 - 68
15.10.2021 13:41:41 - 68
15.10.2021 13:41:41 - 68
15.10.2021 13:41:41 - 68
15.10.2021 13:41:41 - 68
15.10.2021 13:41:41 - 68
15.10.2021 13:41:41 - 68
15.10.2021 13:41:41 - 68
15.10.2021 13:41:41 - 68
15.10.2021 13:41:41 - 68
15.10.2021 13:41:42 - 68
15.10.2021 13:41:42 - 68
15.10.2021 13:41:42 - 68
15.10.2021 13:41:42 - 68
15.10.2021 13:41:42 - 68
15.10.2021 13:41:42 - 68
15.10.2021 13:41:42 - 68
15.10.2021 13:41:42 - 68
15.10.2021 13:41:42 - 68
15.10.2021 13:41:42 - 68
15.10.2021 13:41:42 - 68
15.10.2021 13:41:42 - 68
15.10.2021 13:41:42 - 68
15.10.2021 13:41:42 - 68
15.10.2021 13:43:09 - 68
15.10.2021 13:43:09 - 68
15.10.2021 13:43:09 - 68
15.10.2021 13:43:09 - 68
15.10.2021 13:43:30 - 68
15.10.2021 13:43:30 - 68
15.10.2021 13:43:30 - 68
15.10.2021 13:43:30 - 68
15.10.2021 13:45:27 - 68
15.10.2021 13:45:39 - 68
15.10.2021 15:37:58 - 68
15.10.2021 15:53:07 - 68
15.10.2021 15:53:50 - 68
15.10.2021 15:53:50 - 68
15.10.2021 15:53:50 - 68
16.10.2021 10:31:28 - 68
16.10.2021 10:31:28 - 74
16.10.2021 10:31:28 - 79
16.10.2021 10:31:28 - 68
16.10.2021 10:31:28 - 74
16.10.2021 10:31:28 - 79
16.10.2021 11:15:40 - 68
16.10.2021 11:15:40 - 74
16.10.2021 11:15:40 - 79
16.10.2021 11:15:40 - 83
16.10.2021 11:15:40 - 95
16.10.2021 11:15:40 - 98
16.10.2021 11:15:40 - 103
16.10.2021 11:15:40 - 120
16.10.2021 11:15:40 - 121
16.10.2021 11:15:40 - array (
  'error' => true,
)
16.10.2021 11:17:25 - 68
16.10.2021 11:17:25 - 74
16.10.2021 11:17:25 - 79
16.10.2021 11:17:25 - 83
16.10.2021 11:17:25 - 95
16.10.2021 11:17:25 - 98
16.10.2021 11:17:25 - 103
16.10.2021 11:17:25 - 120
16.10.2021 11:17:25 - 121
16.10.2021 11:17:25 - array (
  'file' => 'e:/open538/domains/localhost/zafar/video_hide/itstars/wp-content/video1233322//1969752_7842600_What-is-Upwork-1-1.mp4',
  'url' => '\\',
  'type' => 'video/mp4',
  'error' => false,
)
16.10.2021 11:18:08 - 68
16.10.2021 11:18:08 - 74
16.10.2021 11:18:08 - 79
16.10.2021 13:54:15 - 68
16.10.2021 13:54:18 - 68
16.10.2021 13:55:23 - 68
16.10.2021 13:55:23 - 74
16.10.2021 13:55:23 - 79
16.10.2021 13:58:14 - 68
16.10.2021 13:58:42 - 68
16.10.2021 13:58:42 - 74
16.10.2021 13:58:42 - 79
16.10.2021 14:01:56 - 68
16.10.2021 14:01:56 - 74
16.10.2021 14:01:56 - 79
16.10.2021 14:03:27 - 68
16.10.2021 14:03:27 - 74
16.10.2021 14:03:27 - 79
16.10.2021 14:04:59 - 68
16.10.2021 14:04:59 - 74
16.10.2021 14:04:59 - 79
16.10.2021 14:06:42 - 68
16.10.2021 14:06:42 - 74
16.10.2021 14:06:42 - 79
16.10.2021 14:12:34 - 68
16.10.2021 14:12:34 - 74
16.10.2021 14:12:34 - 79
16.10.2021 14:14:38 - 68
16.10.2021 14:14:38 - 74
16.10.2021 14:14:38 - 79
16.10.2021 14:15:46 - 68
16.10.2021 14:15:46 - 74
16.10.2021 14:15:46 - 79
16.10.2021 14:16:18 - 68
16.10.2021 14:16:18 - 74
16.10.2021 14:16:18 - 79
16.10.2021 14:20:38 - 68
16.10.2021 14:20:38 - 74
16.10.2021 14:20:38 - 79
16.10.2021 14:21:45 - 68
16.10.2021 14:21:45 - 74
16.10.2021 14:21:45 - 79
16.10.2021 14:22:39 - 68
16.10.2021 14:22:39 - 74
16.10.2021 14:22:39 - 79
16.10.2021 14:24:43 - 68
16.10.2021 14:24:43 - 74
16.10.2021 14:24:43 - 79
