27.09.2021 16:34:09 - NULL
27.09.2021 16:34:10 - NULL
27.09.2021 16:35:52 - NULL
27.09.2021 16:36:24 - NULL
27.09.2021 16:45:00 - NULL
27.09.2021 16:46:02 - NULL
27.09.2021 16:46:08 - NULL
27.09.2021 16:47:51 - NULL
27.09.2021 16:48:58 - NULL
27.09.2021 16:55:44 - NULL
27.09.2021 16:56:38 - array (
  'jsonrpc' => '2.0',
  'id' => 12663,
  'method' => 'CheckPerformTransaction',
  'params' => 
  array (
    'amount' => 100000000,
    'account' => 
    array (
      'order_id' => '8940',
      'itstars_uz' => '1111',
      'test' => '4444',
    ),
  ),
)
27.09.2021 16:56:38 - array (
  'jsonrpc' => '2.0',
  'id' => 12664,
  'method' => 'CreateTransaction',
  'params' => 
  array (
    'account' => 
    array (
      'order_id' => '8940',
      'itstars_uz' => '1111',
      'test' => '4444',
    ),
    'amount' => 100000000,
    'id' => '6151f7c6ae53c16635724842',
    'time' => 1632761798017,
  ),
)
27.09.2021 16:56:39 - array (
  'jsonrpc' => '2.0',
  'id' => 12665,
  'method' => 'CheckTransaction',
  'params' => 
  array (
    'id' => '6151f7c6ae53c16635724842',
  ),
)
27.09.2021 16:56:39 - array (
  'jsonrpc' => '2.0',
  'id' => 12666,
  'method' => 'CreateTransaction',
  'params' => 
  array (
    'account' => 
    array (
      'order_id' => '8940',
      'itstars_uz' => '1111',
      'test' => '4444',
    ),
    'amount' => 100000000,
    'id' => '6151f7c7ae53c16635724843',
    'time' => 1632761799331,
  ),
)
28.09.2021 09:33:53 - array (
  'jsonrpc' => '2.0',
  'id' => 12890,
  'method' => 'CheckPerformTransaction',
  'params' => 
  array (
    'amount' => 100000000,
    'account' => 
    array (
      'order_id' => '8941',
      'itstars_uz' => '123',
      'test' => '1222',
    ),
  ),
)
28.09.2021 09:33:55 - array (
  'jsonrpc' => '2.0',
  'id' => 12891,
  'method' => 'CreateTransaction',
  'params' => 
  array (
    'account' => 
    array (
      'order_id' => '8941',
      'itstars_uz' => '123',
      'test' => '1222',
    ),
    'amount' => 100000000,
    'id' => '6152e182ae53c1663572489b',
    'time' => 1632821634004,
  ),
)
28.09.2021 09:33:55 - array (
  'jsonrpc' => '2.0',
  'id' => 12892,
  'method' => 'CheckTransaction',
  'params' => 
  array (
    'id' => '6152e182ae53c1663572489b',
  ),
)
28.09.2021 09:33:56 - array (
  'jsonrpc' => '2.0',
  'id' => 12893,
  'method' => 'CreateTransaction',
  'params' => 
  array (
    'account' => 
    array (
      'order_id' => '8941',
      'itstars_uz' => '123',
      'test' => '1222',
    ),
    'amount' => 100000000,
    'id' => '6152e184ae53c1663572489c',
    'time' => 1632821636001,
  ),
)
29.09.2021 10:22:53 - array (
  'jsonrpc' => '2.0',
  'id' => 13851,
  'method' => 'CheckPerformTransaction',
  'params' => 
  array (
    'amount' => 100000000,
    'account' => 
    array (
      'order_id' => '8953',
      'itstars_uz' => '333',
      'test' => '333',
    ),
  ),
)
29.09.2021 10:22:54 - array (
  'jsonrpc' => '2.0',
  'id' => 13852,
  'method' => 'CreateTransaction',
  'params' => 
  array (
    'account' => 
    array (
      'order_id' => '8953',
      'itstars_uz' => '333',
      'test' => '333',
    ),
    'amount' => 100000000,
    'id' => '61543e7dae53c166357249c5',
    'time' => 1632910973658,
  ),
)
29.09.2021 10:22:55 - array (
  'jsonrpc' => '2.0',
  'id' => 13853,
  'method' => 'CreateTransaction',
  'params' => 
  array (
    'account' => 
    array (
      'order_id' => '8953',
      'itstars_uz' => '333',
      'test' => '333',
    ),
    'amount' => 100000000,
    'id' => '61543e7dae53c166357249c5',
    'time' => 1632910973658,
  ),
)
29.09.2021 10:22:56 - array (
  'jsonrpc' => '2.0',
  'id' => 13854,
  'method' => 'CheckTransaction',
  'params' => 
  array (
    'id' => '61543e7dae53c166357249c5',
  ),
)
29.09.2021 10:22:56 - array (
  'jsonrpc' => '2.0',
  'id' => 13855,
  'method' => 'CreateTransaction',
  'params' => 
  array (
    'account' => 
    array (
      'order_id' => '8953',
      'itstars_uz' => '333',
      'test' => '333',
    ),
    'amount' => 100000000,
    'id' => '61543e80ae53c166357249c6',
    'time' => 1632910976187,
  ),
)
29.09.2021 10:23:56 - array (
  'jsonrpc' => '2.0',
  'id' => 13856,
  'method' => 'PerformTransaction',
  'params' => 
  array (
    'id' => '61543e7dae53c166357249c5',
  ),
)
29.09.2021 10:23:57 - array (
  'jsonrpc' => '2.0',
  'id' => 13857,
  'method' => 'PerformTransaction',
  'params' => 
  array (
    'id' => '61543e7dae53c166357249c5',
  ),
)
29.09.2021 10:23:58 - array (
  'jsonrpc' => '2.0',
  'id' => 13858,
  'method' => 'CheckTransaction',
  'params' => 
  array (
    'id' => '61543e7dae53c166357249c5',
  ),
)
29.09.2021 10:24:49 - array (
  'jsonrpc' => '2.0',
  'id' => 13859,
  'method' => 'CheckPerformTransaction',
  'params' => 
  array (
    'amount' => 100000000,
    'account' => 
    array (
      'order_id' => '8953',
      'itstars_uz' => '333',
      'test' => '333',
    ),
  ),
)
29.09.2021 10:28:28 - array (
  'jsonrpc' => '2.0',
  'id' => 13860,
  'method' => 'CheckPerformTransaction',
  'params' => 
  array (
    'amount' => 100000000,
    'account' => 
    array (
      'order_id' => '8954',
      'token' => '333',
    ),
  ),
)
29.09.2021 10:28:29 - array (
  'jsonrpc' => '2.0',
  'id' => 13861,
  'method' => 'CreateTransaction',
  'params' => 
  array (
    'account' => 
    array (
      'order_id' => '8954',
      'token' => '333',
    ),
    'amount' => 100000000,
    'id' => '61543fccae53c166357249c9',
    'time' => 1632911308896,
  ),
)
29.09.2021 10:28:30 - array (
  'jsonrpc' => '2.0',
  'id' => 13862,
  'method' => 'CreateTransaction',
  'params' => 
  array (
    'account' => 
    array (
      'order_id' => '8954',
      'token' => '333',
    ),
    'amount' => 100000000,
    'id' => '61543fccae53c166357249c9',
    'time' => 1632911308896,
  ),
)
29.09.2021 10:28:31 - array (
  'jsonrpc' => '2.0',
  'id' => 13863,
  'method' => 'CheckTransaction',
  'params' => 
  array (
    'id' => '61543fccae53c166357249c9',
  ),
)
29.09.2021 10:28:32 - array (
  'jsonrpc' => '2.0',
  'id' => 13864,
  'method' => 'CreateTransaction',
  'params' => 
  array (
    'account' => 
    array (
      'order_id' => '8954',
      'token' => '333',
    ),
    'amount' => 100000000,
    'id' => '61543fcfae53c166357249ca',
    'time' => 1632911311555,
  ),
)
29.09.2021 10:28:54 - array (
  'jsonrpc' => '2.0',
  'id' => 13865,
  'method' => 'CheckPerformTransaction',
  'params' => 
  array (
    'amount' => 100000000,
    'account' => 
    array (
      'order_id' => '8954',
      'token' => '333',
    ),
  ),
)
29.09.2021 10:29:03 - array (
  'jsonrpc' => '2.0',
  'id' => 13866,
  'method' => 'PerformTransaction',
  'params' => 
  array (
    'id' => '61543fccae53c166357249c9',
  ),
)
29.09.2021 10:29:04 - array (
  'jsonrpc' => '2.0',
  'id' => 13867,
  'method' => 'PerformTransaction',
  'params' => 
  array (
    'id' => '61543fccae53c166357249c9',
  ),
)
29.09.2021 10:29:04 - array (
  'jsonrpc' => '2.0',
  'id' => 13868,
  'method' => 'CheckTransaction',
  'params' => 
  array (
    'id' => '61543fccae53c166357249c9',
  ),
)
29.09.2021 10:29:16 - array (
  'jsonrpc' => '2.0',
  'id' => 13869,
  'method' => 'CancelTransaction',
  'params' => 
  array (
    'id' => '61543fccae53c166357249c9',
    'reason' => 5,
  ),
)
29.09.2021 10:29:17 - array (
  'jsonrpc' => '2.0',
  'id' => 13870,
  'method' => 'CancelTransaction',
  'params' => 
  array (
    'id' => '61543fccae53c166357249c9',
    'reason' => 5,
  ),
)
29.09.2021 10:29:18 - array (
  'jsonrpc' => '2.0',
  'id' => 13871,
  'method' => 'CheckTransaction',
  'params' => 
  array (
    'id' => '61543fccae53c166357249c9',
  ),
)
29.09.2021 10:29:24 - array (
  'jsonrpc' => '2.0',
  'id' => 13872,
  'method' => 'CancelTransaction',
  'params' => 
  array (
    'id' => '61543fccae53c166357249c9',
    'reason' => 5,
  ),
)
29.09.2021 10:29:25 - array (
  'jsonrpc' => '2.0',
  'id' => 13873,
  'method' => 'CancelTransaction',
  'params' => 
  array (
    'id' => '61543fccae53c166357249c9',
    'reason' => 5,
  ),
)
29.09.2021 10:29:26 - array (
  'jsonrpc' => '2.0',
  'id' => 13874,
  'method' => 'CheckTransaction',
  'params' => 
  array (
    'id' => '61543fccae53c166357249c9',
  ),
)
29.09.2021 10:29:35 - array (
  'jsonrpc' => '2.0',
  'id' => 13875,
  'method' => 'CancelTransaction',
  'params' => 
  array (
    'id' => '61543fccae53c166357249c9',
    'reason' => 5,
  ),
)
29.09.2021 10:29:36 - array (
  'jsonrpc' => '2.0',
  'id' => 13876,
  'method' => 'CancelTransaction',
  'params' => 
  array (
    'id' => '61543fccae53c166357249c9',
    'reason' => 5,
  ),
)
29.09.2021 10:29:37 - array (
  'jsonrpc' => '2.0',
  'id' => 13877,
  'method' => 'CheckTransaction',
  'params' => 
  array (
    'id' => '61543fccae53c166357249c9',
  ),
)
29.09.2021 10:45:56 - array (
  'jsonrpc' => '2.0',
  'id' => 13892,
  'method' => 'CancelTransaction',
  'params' => 
  array (
    'id' => '61543fccae53c166357249c9',
    'reason' => 5,
  ),
)
29.09.2021 10:45:57 - array (
  'jsonrpc' => '2.0',
  'id' => 13893,
  'method' => 'CancelTransaction',
  'params' => 
  array (
    'id' => '61543fccae53c166357249c9',
    'reason' => 5,
  ),
)
29.09.2021 10:45:58 - array (
  'jsonrpc' => '2.0',
  'id' => 13894,
  'method' => 'CheckTransaction',
  'params' => 
  array (
    'id' => '61543fccae53c166357249c9',
  ),
)
29.09.2021 10:46:03 - array (
  'jsonrpc' => '2.0',
  'id' => 13895,
  'method' => 'CheckPerformTransaction',
  'params' => 
  array (
    'amount' => 100000000,
    'account' => 
    array (
      'order_id' => '8954',
      'token' => '333',
    ),
  ),
)
29.09.2021 10:46:04 - array (
  'jsonrpc' => '2.0',
  'id' => 13896,
  'method' => 'CreateTransaction',
  'params' => 
  array (
    'account' => 
    array (
      'order_id' => '8954',
      'token' => '333',
    ),
    'amount' => 100000000,
    'id' => '615443ebae53c166357249d1',
    'time' => 1632912363636,
  ),
)
29.09.2021 10:46:05 - array (
  'jsonrpc' => '2.0',
  'id' => 13897,
  'method' => 'CheckTransaction',
  'params' => 
  array (
    'id' => '615443ebae53c166357249d1',
  ),
)
29.09.2021 10:46:06 - array (
  'jsonrpc' => '2.0',
  'id' => 13898,
  'method' => 'CreateTransaction',
  'params' => 
  array (
    'account' => 
    array (
      'order_id' => '8954',
      'token' => '333',
    ),
    'amount' => 100000000,
    'id' => '615443edae53c166357249d2',
    'time' => 1632912365395,
  ),
)
29.09.2021 11:06:36 - array (
  'jsonrpc' => '2.0',
  'id' => 13899,
  'method' => 'CheckPerformTransaction',
  'params' => 
  array (
    'amount' => 100000000,
    'account' => 
    array (
      'order_id' => '8955',
      'token' => '333',
    ),
  ),
)
29.09.2021 11:06:40 - array (
  'jsonrpc' => '2.0',
  'id' => 13900,
  'method' => 'CheckPerformTransaction',
  'params' => 
  array (
    'amount' => 100000000,
    'account' => 
    array (
      'order_id' => '8955',
      'token' => '333',
    ),
  ),
)
29.09.2021 11:06:40 - array (
  'jsonrpc' => '2.0',
  'id' => 13901,
  'method' => 'CreateTransaction',
  'params' => 
  array (
    'account' => 
    array (
      'order_id' => '8955',
      'token' => '333',
    ),
    'amount' => 100000000,
    'id' => '615448c0ae53c166357249d4',
    'time' => 1632913600041,
  ),
)
29.09.2021 11:06:41 - array (
  'jsonrpc' => '2.0',
  'id' => 13902,
  'method' => 'CreateTransaction',
  'params' => 
  array (
    'account' => 
    array (
      'order_id' => '8955',
      'token' => '333',
    ),
    'amount' => 100000000,
    'id' => '615448c0ae53c166357249d4',
    'time' => 1632913600041,
  ),
)
29.09.2021 11:06:42 - array (
  'jsonrpc' => '2.0',
  'id' => 13903,
  'method' => 'CheckTransaction',
  'params' => 
  array (
    'id' => '615448c0ae53c166357249d4',
  ),
)
29.09.2021 11:06:42 - array (
  'jsonrpc' => '2.0',
  'id' => 13904,
  'method' => 'CreateTransaction',
  'params' => 
  array (
    'account' => 
    array (
      'order_id' => '8955',
      'token' => '333',
    ),
    'amount' => 100000000,
    'id' => '615448c2ae53c166357249d5',
    'time' => 1632913602202,
  ),
)
29.09.2021 11:06:48 - array (
  'jsonrpc' => '2.0',
  'id' => 13905,
  'method' => 'PerformTransaction',
  'params' => 
  array (
    'id' => '615448c0ae53c166357249d4',
  ),
)
29.09.2021 11:06:50 - array (
  'jsonrpc' => '2.0',
  'id' => 13906,
  'method' => 'PerformTransaction',
  'params' => 
  array (
    'id' => '615448c0ae53c166357249d4',
  ),
)
29.09.2021 11:06:50 - array (
  'jsonrpc' => '2.0',
  'id' => 13907,
  'method' => 'CheckTransaction',
  'params' => 
  array (
    'id' => '615448c0ae53c166357249d4',
  ),
)
29.09.2021 11:06:54 - array (
  'jsonrpc' => '2.0',
  'id' => 13908,
  'method' => 'CancelTransaction',
  'params' => 
  array (
    'id' => '615448c0ae53c166357249d4',
    'reason' => 5,
  ),
)
29.09.2021 11:06:55 - array (
  'jsonrpc' => '2.0',
  'id' => 13909,
  'method' => 'CancelTransaction',
  'params' => 
  array (
    'id' => '615448c0ae53c166357249d4',
    'reason' => 5,
  ),
)
29.09.2021 11:06:56 - array (
  'jsonrpc' => '2.0',
  'id' => 13910,
  'method' => 'CheckTransaction',
  'params' => 
  array (
    'id' => '615448c0ae53c166357249d4',
  ),
)
29.09.2021 11:06:59 - array (
  'jsonrpc' => '2.0',
  'id' => 13911,
  'method' => 'CheckTransaction',
  'params' => 
  array (
    'id' => '615448c0ae53c166357249d4',
  ),
)
29.09.2021 11:07:05 - array (
  'jsonrpc' => '2.0',
  'id' => 13912,
  'method' => 'CheckPerformTransaction',
  'params' => 
  array (
    'amount' => 662346262,
    'account' => 
    array (
      'token' => '21515151',
    ),
  ),
)
29.09.2021 11:07:05 - array (
  'jsonrpc' => '2.0',
  'id' => 13913,
  'method' => 'CreateTransaction',
  'params' => 
  array (
    'id' => '615448d8ae53c166357249d8',
    'time' => 1632913624208,
    'amount' => 662346262,
    'account' => 
    array (
      'token' => '21515151',
    ),
  ),
)
29.09.2021 11:07:12 - array (
  'jsonrpc' => '2.0',
  'id' => 13914,
  'method' => 'CheckPerformTransaction',
  'params' => 
  array (
    'amount' => 231231,
    'account' => 
    array (
      'order_id' => '8955',
      'token' => '333',
    ),
  ),
)
29.09.2021 11:07:13 - array (
  'jsonrpc' => '2.0',
  'id' => 13915,
  'method' => 'CreateTransaction',
  'params' => 
  array (
    'id' => '615448dfae53c166357249d9',
    'time' => 1632913631527,
    'amount' => 231231,
    'account' => 
    array (
      'order_id' => '8955',
      'token' => '333',
    ),
  ),
)
29.09.2021 11:07:19 - array (
  'jsonrpc' => '2.0',
  'id' => 13916,
  'method' => 'CheckPerformTransaction',
  'params' => 
  array (
    'amount' => 100000000,
    'account' => 
    array (
      'order_id' => '8955',
      'token' => '333',
    ),
  ),
)
29.09.2021 11:07:20 - array (
  'jsonrpc' => '2.0',
  'id' => 13917,
  'method' => 'CreateTransaction',
  'params' => 
  array (
    'account' => 
    array (
      'order_id' => '8955',
      'token' => '333',
    ),
    'amount' => 100000000,
    'id' => '615448e7ae53c166357249da',
    'time' => 1632913639946,
  ),
)
29.09.2021 11:07:21 - array (
  'jsonrpc' => '2.0',
  'id' => 13918,
  'method' => 'CheckTransaction',
  'params' => 
  array (
    'id' => '615448e7ae53c166357249da',
  ),
)
29.09.2021 11:07:21 - array (
  'jsonrpc' => '2.0',
  'id' => 13919,
  'method' => 'CreateTransaction',
  'params' => 
  array (
    'account' => 
    array (
      'order_id' => '8955',
      'token' => '333',
    ),
    'amount' => 100000000,
    'id' => '615448e9ae53c166357249db',
    'time' => 1632913641198,
  ),
)
29.09.2021 11:07:28 - array (
  'jsonrpc' => '2.0',
  'id' => 13921,
  'method' => 'CheckPerformTransaction',
  'params' => 
  array (
    'amount' => 100000000,
    'account' => 
    array (
      'order_id' => '8955',
      'token' => '555',
    ),
  ),
)
29.09.2021 11:07:29 - array (
  'jsonrpc' => '2.0',
  'id' => 13922,
  'method' => 'CreateTransaction',
  'params' => 
  array (
    'account' => 
    array (
      'order_id' => '8955',
      'token' => '555',
    ),
    'amount' => 100000000,
    'id' => '615448f0ae53c166357249dc',
    'time' => 1632913648252,
  ),
)
29.09.2021 11:07:29 - array (
  'jsonrpc' => '2.0',
  'id' => 13923,
  'method' => 'CheckTransaction',
  'params' => 
  array (
    'id' => '615448f0ae53c166357249dc',
  ),
)
29.09.2021 11:07:30 - array (
  'jsonrpc' => '2.0',
  'id' => 13924,
  'method' => 'CreateTransaction',
  'params' => 
  array (
    'account' => 
    array (
      'order_id' => '8955',
      'token' => '555',
    ),
    'amount' => 100000000,
    'id' => '615448f1ae53c166357249dd',
    'time' => 1632913649601,
  ),
)
29.09.2021 11:23:13 - array (
  'jsonrpc' => '2.0',
  'id' => 13967,
  'method' => 'CheckPerformTransaction',
  'params' => 
  array (
    'amount' => 100000000,
    'account' => 
    array (
      'order_id' => '8955',
      'token' => '555',
    ),
  ),
)
29.09.2021 11:23:14 - array (
  'jsonrpc' => '2.0',
  'id' => 13968,
  'method' => 'CreateTransaction',
  'params' => 
  array (
    'account' => 
    array (
      'order_id' => '8955',
      'token' => '555',
    ),
    'amount' => 100000000,
    'id' => '61544ca1ae53c166357249df',
    'time' => 1632914593717,
  ),
)
29.09.2021 11:23:15 - array (
  'jsonrpc' => '2.0',
  'id' => 13969,
  'method' => 'CheckTransaction',
  'params' => 
  array (
    'id' => '61544ca1ae53c166357249df',
  ),
)
29.09.2021 11:23:16 - array (
  'jsonrpc' => '2.0',
  'id' => 13970,
  'method' => 'CreateTransaction',
  'params' => 
  array (
    'account' => 
    array (
      'order_id' => '8955',
      'token' => '555',
    ),
    'amount' => 100000000,
    'id' => '61544ca3ae53c166357249e0',
    'time' => 1632914595381,
  ),
)
29.09.2021 11:23:21 - array (
  'jsonrpc' => '2.0',
  'id' => 13971,
  'method' => 'CheckPerformTransaction',
  'params' => 
  array (
    'amount' => 100000000,
    'account' => 
    array (
      'order_id' => '8955',
      'token' => '333',
    ),
  ),
)
29.09.2021 11:23:22 - array (
  'jsonrpc' => '2.0',
  'id' => 13972,
  'method' => 'CreateTransaction',
  'params' => 
  array (
    'account' => 
    array (
      'order_id' => '8955',
      'token' => '333',
    ),
    'amount' => 100000000,
    'id' => '61544ca9ae53c166357249e1',
    'time' => 1632914601994,
  ),
)
29.09.2021 11:23:23 - array (
  'jsonrpc' => '2.0',
  'id' => 13973,
  'method' => 'CheckTransaction',
  'params' => 
  array (
    'id' => '61544ca9ae53c166357249e1',
  ),
)
29.09.2021 11:23:24 - array (
  'jsonrpc' => '2.0',
  'id' => 13974,
  'method' => 'CreateTransaction',
  'params' => 
  array (
    'account' => 
    array (
      'order_id' => '8955',
      'token' => '333',
    ),
    'amount' => 100000000,
    'id' => '61544cabae53c166357249e2',
    'time' => 1632914603574,
  ),
)
29.09.2021 11:27:44 - array (
  'jsonrpc' => '2.0',
  'id' => 13988,
  'method' => 'CheckPerformTransaction',
  'params' => 
  array (
    'amount' => 200000000,
    'account' => 
    array (
      'order_id' => '8962',
      'token' => '333',
    ),
  ),
)
29.09.2021 11:27:44 - array (
  'jsonrpc' => '2.0',
  'id' => 13989,
  'method' => 'CreateTransaction',
  'params' => 
  array (
    'account' => 
    array (
      'order_id' => '8962',
      'token' => '333',
    ),
    'amount' => 200000000,
    'id' => '61544db0ae53c166357249e3',
    'time' => 1632914864127,
  ),
)
29.09.2021 11:27:45 - array (
  'jsonrpc' => '2.0',
  'id' => 13990,
  'method' => 'CreateTransaction',
  'params' => 
  array (
    'account' => 
    array (
      'order_id' => '8962',
      'token' => '333',
    ),
    'amount' => 200000000,
    'id' => '61544db0ae53c166357249e3',
    'time' => 1632914864127,
  ),
)
29.09.2021 11:27:46 - array (
  'jsonrpc' => '2.0',
  'id' => 13991,
  'method' => 'CheckTransaction',
  'params' => 
  array (
    'id' => '61544db0ae53c166357249e3',
  ),
)
29.09.2021 11:27:48 - array (
  'jsonrpc' => '2.0',
  'id' => 13992,
  'method' => 'CreateTransaction',
  'params' => 
  array (
    'account' => 
    array (
      'order_id' => '8962',
      'token' => '333',
    ),
    'amount' => 200000000,
    'id' => '61544db2ae53c166357249e4',
    'time' => 1632914866400,
  ),
)
29.09.2021 11:27:53 - array (
  'jsonrpc' => '2.0',
  'id' => 13994,
  'method' => 'CancelTransaction',
  'params' => 
  array (
    'id' => '61544db0ae53c166357249e3',
    'reason' => 3,
  ),
)
29.09.2021 11:27:54 - array (
  'jsonrpc' => '2.0',
  'id' => 13995,
  'method' => 'CancelTransaction',
  'params' => 
  array (
    'id' => '61544db0ae53c166357249e3',
    'reason' => 3,
  ),
)
29.09.2021 11:27:54 - array (
  'jsonrpc' => '2.0',
  'id' => 13996,
  'method' => 'CheckTransaction',
  'params' => 
  array (
    'id' => '61544db0ae53c166357249e3',
  ),
)
29.09.2021 11:27:59 - array (
  'jsonrpc' => '2.0',
  'id' => 13997,
  'method' => 'CheckTransaction',
  'params' => 
  array (
    'id' => '61544db0ae53c166357249e3',
  ),
)
29.09.2021 19:42:09 - array (
  'jsonrpc' => '2.0',
  'id' => 50,
  'method' => 'CheckPerformTransaction',
  'params' => 
  array (
    'amount' => 200000000,
    'account' => 
    array (
      'order_id' => '8981',
    ),
  ),
)
29.09.2021 19:43:07 - array (
  'jsonrpc' => '2.0',
  'id' => 1058,
  'method' => 'CheckPerformTransaction',
  'params' => 
  array (
    'amount' => 200000000,
    'account' => 
    array (
      'order_id' => '8982',
    ),
  ),
)
29.09.2021 19:46:13 - array (
  'jsonrpc' => '2.0',
  'id' => 1075,
  'method' => 'CheckPerformTransaction',
  'params' => 
  array (
    'amount' => 50000,
    'account' => 
    array (
      'order_id' => '8983',
    ),
  ),
)
29.09.2021 19:47:48 - array (
  'jsonrpc' => '2.0',
  'id' => 1477,
  'method' => 'CreateTransaction',
  'params' => 
  array (
    'id' => '6154c285f62ea8d2edb1f493',
    'time' => 1632944867591,
    'amount' => 50000,
    'account' => 
    array (
      'order_id' => '8983',
    ),
  ),
)
29.09.2021 19:47:49 - array (
  'jsonrpc' => '2.0',
  'id' => 1478,
  'method' => 'PerformTransaction',
  'params' => 
  array (
    'id' => '6154c285f62ea8d2edb1f493',
  ),
)
29.09.2021 20:06:43 - array (
  'jsonrpc' => '2.0',
  'id' => 776,
  'method' => 'CheckPerformTransaction',
  'params' => 
  array (
    'amount' => 50000,
    'account' => 
    array (
      'order_id' => '8984',
    ),
  ),
)
29.09.2021 20:06:57 - array (
  'jsonrpc' => '2.0',
  'id' => 2733,
  'method' => 'CheckPerformTransaction',
  'params' => 
  array (
    'amount' => 100050000,
    'account' => 
    array (
      'order_id' => '8985',
    ),
  ),
)
14.10.2021 12:33:26 - array (
  'jsonrpc' => '2.0',
  'id' => 1784,
  'method' => 'CheckPerformTransaction',
  'params' => 
  array (
    'amount' => 100000,
    'account' => 
    array (
      'order_id' => '9278',
    ),
  ),
)
14.10.2021 12:35:44 - array (
  'jsonrpc' => '2.0',
  'id' => 2160,
  'method' => 'CheckPerformTransaction',
  'params' => 
  array (
    'amount' => 100000,
    'account' => 
    array (
      'order_id' => '9280',
    ),
  ),
)
