31.08.2021 18:53:33 - 55
31.08.2021 18:53:33 - 71
31.08.2021 18:53:33 - 'edit'
31.08.2021 18:53:33 - 369
31.08.2021 18:53:49 - 55
31.08.2021 18:53:49 - 71
31.08.2021 18:53:49 - ''
31.08.2021 18:54:50 - 55
31.08.2021 18:54:50 - 71
31.08.2021 18:54:50 - 'edit'
31.08.2021 18:54:50 - 369
31.08.2021 18:55:21 - 55
31.08.2021 18:55:21 - 71
31.08.2021 18:55:21 - 'editpost'
31.08.2021 18:55:21 - 227
31.08.2021 18:55:21 - 229
31.08.2021 18:55:21 - 234
31.08.2021 18:55:21 - 55
31.08.2021 18:55:21 - 71
31.08.2021 18:55:21 - 'edit'
31.08.2021 18:55:22 - 369
31.08.2021 18:56:27 - 55
31.08.2021 18:56:27 - 71
31.08.2021 18:56:27 - ''
31.08.2021 19:02:16 - 55
31.08.2021 19:02:16 - 71
31.08.2021 19:02:16 - 'edit'
31.08.2021 19:02:16 - 369
31.08.2021 19:03:39 - 55
31.08.2021 19:03:39 - 71
31.08.2021 19:03:39 - 'editpost'
31.08.2021 19:03:39 - 227
31.08.2021 19:03:39 - 229
31.08.2021 19:03:39 - 234
31.08.2021 19:03:39 - 55
31.08.2021 19:03:39 - 71
31.08.2021 19:03:39 - 'edit'
31.08.2021 19:03:40 - 369
31.08.2021 19:06:12 - 55
31.08.2021 19:06:12 - 71
31.08.2021 19:06:12 - ''
31.08.2021 19:07:22 - 55
31.08.2021 19:07:22 - 71
31.08.2021 19:07:22 - 'edit'
31.08.2021 19:07:23 - 369
31.08.2021 19:27:55 - 55
31.08.2021 19:27:55 - 71
31.08.2021 19:27:55 - 'edit'
31.08.2021 19:27:55 - 369
31.08.2021 19:28:10 - 55
31.08.2021 19:28:10 - 71
31.08.2021 19:28:10 - 'editpost'
31.08.2021 19:28:10 - 227
31.08.2021 19:28:11 - 229
31.08.2021 19:28:11 - 234
31.08.2021 19:28:11 - 55
31.08.2021 19:28:11 - 71
31.08.2021 19:28:11 - 'edit'
31.08.2021 19:28:12 - 369
31.08.2021 19:32:42 - 55
31.08.2021 19:32:42 - 71
31.08.2021 19:32:42 - 'editpost'
31.08.2021 19:32:42 - 227
31.08.2021 19:32:42 - 229
31.08.2021 19:32:42 - 234
31.08.2021 19:32:43 - 55
31.08.2021 19:32:43 - 71
31.08.2021 19:32:43 - 'edit'
31.08.2021 19:32:43 - 369
31.08.2021 19:35:07 - 55
31.08.2021 19:35:07 - 71
31.08.2021 19:35:07 - 'edit'
31.08.2021 19:35:07 - 369
31.08.2021 19:35:21 - 55
31.08.2021 19:35:21 - 71
31.08.2021 19:35:21 - 'edit'
31.08.2021 19:35:21 - 369
31.08.2021 19:35:46 - 55
31.08.2021 19:35:46 - 71
31.08.2021 19:35:46 - 'editpost'
31.08.2021 19:35:46 - 227
31.08.2021 19:35:47 - 229
31.08.2021 19:35:47 - 234
31.08.2021 19:35:47 - 55
31.08.2021 19:35:47 - 71
31.08.2021 19:35:47 - 'edit'
31.08.2021 19:35:48 - 369
31.08.2021 19:36:16 - 55
31.08.2021 19:36:16 - 71
31.08.2021 19:36:16 - 'editpost'
31.08.2021 19:36:16 - 227
31.08.2021 19:36:16 - 229
31.08.2021 19:36:16 - 234
31.08.2021 19:36:17 - 55
31.08.2021 19:36:17 - 71
31.08.2021 19:36:17 - 'edit'
31.08.2021 19:36:17 - 369
31.08.2021 19:40:16 - 55
31.08.2021 19:40:16 - 71
31.08.2021 19:40:16 - 'editpost'
31.08.2021 19:40:16 - 227
31.08.2021 19:40:16 - 229
31.08.2021 19:40:16 - 234
31.08.2021 19:40:17 - 55
31.08.2021 19:40:17 - 71
31.08.2021 19:40:17 - 'edit'
31.08.2021 19:40:17 - 369
31.08.2021 19:42:21 - 55
31.08.2021 19:42:21 - 71
31.08.2021 19:42:21 - 'editpost'
31.08.2021 19:42:21 - 227
31.08.2021 19:42:21 - 229
31.08.2021 19:42:21 - 234
31.08.2021 19:42:21 - 55
31.08.2021 19:42:21 - 71
31.08.2021 19:42:21 - 'edit'
31.08.2021 19:42:22 - 369
31.08.2021 19:42:48 - 55
31.08.2021 19:42:48 - 71
31.08.2021 19:42:48 - 'editpost'
31.08.2021 19:42:48 - 227
31.08.2021 19:42:48 - 229
31.08.2021 19:42:48 - 234
31.08.2021 19:42:49 - 55
31.08.2021 19:42:49 - 71
31.08.2021 19:42:49 - 'edit'
31.08.2021 19:42:49 - 369
31.08.2021 19:45:11 - 55
31.08.2021 19:45:11 - 71
31.08.2021 19:45:11 - 'editpost'
31.08.2021 19:45:11 - 227
31.08.2021 19:45:11 - 229
31.08.2021 19:45:11 - 234
31.08.2021 19:45:12 - 55
31.08.2021 19:45:12 - 71
31.08.2021 19:45:12 - 'edit'
31.08.2021 19:45:12 - 369
31.08.2021 19:46:31 - 55
31.08.2021 19:46:31 - 71
31.08.2021 19:46:31 - 'editpost'
31.08.2021 19:46:31 - 227
31.08.2021 19:46:31 - 229
31.08.2021 19:46:31 - 234
31.08.2021 19:46:32 - 55
31.08.2021 19:46:32 - 71
31.08.2021 19:46:32 - 'edit'
31.08.2021 19:46:32 - 369
31.08.2021 19:47:13 - 55
31.08.2021 19:47:13 - 71
31.08.2021 19:47:13 - 'editpost'
31.08.2021 19:47:13 - 227
31.08.2021 19:47:13 - 229
31.08.2021 19:47:13 - 234
31.08.2021 19:47:14 - 55
31.08.2021 19:47:14 - 71
31.08.2021 19:47:14 - 'edit'
31.08.2021 19:47:15 - 369
31.08.2021 19:48:39 - 55
31.08.2021 19:48:39 - 71
31.08.2021 19:48:39 - 'editpost'
31.08.2021 19:48:39 - 227
31.08.2021 19:48:39 - 229
31.08.2021 19:48:39 - 234
31.08.2021 19:48:40 - 55
31.08.2021 19:48:40 - 71
31.08.2021 19:48:40 - 'edit'
31.08.2021 19:48:40 - 369
31.08.2021 19:58:28 - 55
31.08.2021 19:58:28 - 71
31.08.2021 19:58:28 - 'edit'
31.08.2021 19:58:28 - 369
31.08.2021 19:59:21 - 55
31.08.2021 19:59:21 - 71
31.08.2021 19:59:21 - 'editpost'
31.08.2021 19:59:21 - 227
31.08.2021 19:59:21 - 229
31.08.2021 19:59:21 - 234
31.08.2021 19:59:22 - 55
31.08.2021 19:59:22 - 71
31.08.2021 19:59:22 - 'edit'
31.08.2021 19:59:22 - 369
10.09.2021 06:23:53 - 55
10.09.2021 06:23:53 - 71
10.09.2021 06:23:53 - 'edit'
10.09.2021 06:23:53 - 369
10.09.2021 06:25:59 - 55
10.09.2021 06:25:59 - 71
10.09.2021 06:25:59 - 'editpost'
10.09.2021 06:25:59 - 227
10.09.2021 06:25:59 - 229
10.09.2021 06:25:59 - 234
10.09.2021 06:26:02 - 55
10.09.2021 06:26:02 - 71
10.09.2021 06:26:02 - 'edit'
10.09.2021 06:26:02 - 369
10.09.2021 06:26:03 - 55
10.09.2021 06:26:03 - 71
10.09.2021 06:26:03 - 'edit'
10.09.2021 06:26:04 - 369
10.09.2021 06:26:47 - 55
10.09.2021 06:26:47 - 71
10.09.2021 06:26:47 - 'edit'
10.09.2021 06:26:47 - 369
10.09.2021 06:27:06 - 55
10.09.2021 06:27:06 - 71
10.09.2021 06:27:06 - 'editpost'
10.09.2021 06:27:06 - 227
10.09.2021 06:27:06 - 229
10.09.2021 06:27:06 - 234
10.09.2021 06:27:07 - 55
10.09.2021 06:27:07 - 71
10.09.2021 06:27:07 - 'edit'
10.09.2021 06:27:07 - 369
10.09.2021 06:27:11 - 55
10.09.2021 06:27:11 - 71
10.09.2021 06:27:11 - 'edit'
10.09.2021 06:27:11 - 369
10.09.2021 09:08:21 - 55
10.09.2021 09:08:21 - 71
10.09.2021 09:08:21 - 'edit'
10.09.2021 09:08:22 - 369
10.09.2021 10:27:17 - 55
10.09.2021 10:27:17 - 71
10.09.2021 10:27:17 - 'edit'
10.09.2021 10:27:18 - 369
10.09.2021 10:28:03 - 55
10.09.2021 10:28:03 - 71
10.09.2021 10:28:03 - 'edit'
10.09.2021 10:28:04 - 369
10.09.2021 12:02:01 - 55
10.09.2021 12:02:01 - 71
10.09.2021 12:02:01 - 'edit'
10.09.2021 12:02:02 - 369
10.09.2021 12:08:40 - 55
10.09.2021 12:08:40 - 71
10.09.2021 12:08:40 - 'editpost'
10.09.2021 12:08:40 - 227
10.09.2021 12:08:41 - 229
10.09.2021 12:08:41 - 234
10.09.2021 12:08:42 - 55
10.09.2021 12:08:42 - 71
10.09.2021 12:08:42 - 'edit'
10.09.2021 12:08:43 - 369
10.09.2021 12:10:21 - 55
10.09.2021 12:10:21 - 71
10.09.2021 12:10:21 - 'editpost'
10.09.2021 12:10:21 - 227
10.09.2021 12:10:22 - 229
10.09.2021 12:10:22 - 234
10.09.2021 12:10:23 - 55
10.09.2021 12:10:23 - 71
10.09.2021 12:10:23 - 'edit'
10.09.2021 12:10:24 - 369
10.09.2021 12:13:59 - 55
10.09.2021 12:13:59 - 71
10.09.2021 12:13:59 - 'editpost'
10.09.2021 12:13:59 - 227
10.09.2021 12:13:59 - 229
10.09.2021 12:13:59 - 234
10.09.2021 12:14:00 - 55
10.09.2021 12:14:00 - 71
10.09.2021 12:14:00 - 'edit'
10.09.2021 12:14:00 - 369
10.09.2021 12:21:52 - 55
10.09.2021 12:21:52 - 71
10.09.2021 12:21:52 - 'edit'
10.09.2021 12:21:52 - 369
10.09.2021 17:02:39 - 55
10.09.2021 17:02:39 - 71
10.09.2021 17:02:39 - 'editpost'
10.09.2021 17:02:39 - 227
10.09.2021 17:02:39 - 229
10.09.2021 17:02:39 - 234
10.09.2021 17:02:40 - 55
10.09.2021 17:02:40 - 71
10.09.2021 17:02:40 - 'edit'
10.09.2021 17:02:41 - 369
13.09.2021 04:58:41 - 55
13.09.2021 04:58:41 - 71
13.09.2021 04:58:41 - 'edit'
13.09.2021 04:58:42 - 369
13.09.2021 05:00:09 - 55
13.09.2021 05:00:09 - 71
13.09.2021 05:00:09 - 'editpost'
13.09.2021 05:00:09 - 227
13.09.2021 05:00:10 - 229
13.09.2021 05:00:10 - 234
13.09.2021 05:00:11 - 55
13.09.2021 05:00:11 - 71
13.09.2021 05:00:11 - 'edit'
13.09.2021 05:00:11 - 369
13.09.2021 05:00:46 - 55
13.09.2021 05:00:46 - 71
13.09.2021 05:00:46 - 'edit'
13.09.2021 05:00:47 - 369
13.09.2021 05:02:10 - 55
13.09.2021 05:02:10 - 71
13.09.2021 05:02:10 - 'editpost'
13.09.2021 05:02:10 - 227
13.09.2021 05:02:10 - 229
13.09.2021 05:02:10 - 234
13.09.2021 05:02:11 - 55
13.09.2021 05:02:11 - 71
13.09.2021 05:02:11 - 'edit'
13.09.2021 05:02:11 - 369
13.09.2021 05:05:00 - 55
13.09.2021 05:05:00 - 71
13.09.2021 05:05:00 - 'editpost'
13.09.2021 05:05:00 - 227
13.09.2021 05:05:00 - 229
13.09.2021 05:05:00 - 234
13.09.2021 05:05:03 - 55
13.09.2021 05:05:03 - 71
13.09.2021 05:05:03 - 'edit'
13.09.2021 05:05:04 - 369
13.09.2021 05:07:25 - 55
13.09.2021 05:07:25 - 71
13.09.2021 05:07:25 - 'editpost'
13.09.2021 05:07:25 - 227
13.09.2021 05:07:25 - 229
13.09.2021 05:07:25 - 234
13.09.2021 05:07:26 - 55
13.09.2021 05:07:26 - 71
13.09.2021 05:07:26 - 'edit'
13.09.2021 05:07:26 - 369
13.09.2021 05:08:17 - 55
13.09.2021 05:08:17 - 71
13.09.2021 05:08:17 - 'editpost'
13.09.2021 05:08:17 - 227
13.09.2021 05:08:18 - 229
13.09.2021 05:08:18 - 234
13.09.2021 05:08:19 - 55
13.09.2021 05:08:19 - 71
13.09.2021 05:08:19 - 'edit'
13.09.2021 05:08:19 - 369
13.09.2021 05:08:49 - 55
13.09.2021 05:08:49 - 71
13.09.2021 05:08:49 - 'editpost'
13.09.2021 05:08:49 - 227
13.09.2021 05:08:49 - 229
13.09.2021 05:08:49 - 234
13.09.2021 05:08:50 - 55
13.09.2021 05:08:50 - 71
13.09.2021 05:08:50 - 'edit'
13.09.2021 05:08:50 - 369
13.09.2021 05:09:05 - 55
13.09.2021 05:09:05 - 71
13.09.2021 05:09:05 - 'editpost'
13.09.2021 05:09:05 - 227
13.09.2021 05:09:05 - 229
13.09.2021 05:09:05 - 234
13.09.2021 05:09:06 - 55
13.09.2021 05:09:06 - 71
13.09.2021 05:09:06 - 'edit'
13.09.2021 05:09:07 - 369
13.09.2021 05:09:32 - 55
13.09.2021 05:09:32 - 71
13.09.2021 05:09:32 - 'editpost'
13.09.2021 05:09:32 - 227
13.09.2021 05:09:32 - 229
13.09.2021 05:09:32 - 234
13.09.2021 05:09:32 - 55
13.09.2021 05:09:32 - 71
13.09.2021 05:09:32 - 'edit'
13.09.2021 05:09:33 - 369
13.09.2021 05:09:57 - 55
13.09.2021 05:09:57 - 71
13.09.2021 05:09:57 - 'editpost'
13.09.2021 05:09:57 - 227
13.09.2021 05:09:58 - 229
13.09.2021 05:09:58 - 234
13.09.2021 05:09:59 - 55
13.09.2021 05:09:59 - 71
13.09.2021 05:09:59 - 'edit'
13.09.2021 05:09:59 - 369
13.09.2021 05:10:14 - 55
13.09.2021 05:10:14 - 71
13.09.2021 05:10:14 - 'editpost'
13.09.2021 05:10:14 - 227
13.09.2021 05:10:14 - 229
13.09.2021 05:10:14 - 234
13.09.2021 05:10:16 - 55
13.09.2021 05:10:16 - 71
13.09.2021 05:10:16 - 'edit'
13.09.2021 05:10:16 - 369
13.09.2021 05:10:30 - 55
13.09.2021 05:10:30 - 71
13.09.2021 05:10:30 - 'editpost'
13.09.2021 05:10:30 - 227
13.09.2021 05:10:30 - 229
13.09.2021 05:10:30 - 234
13.09.2021 05:10:31 - 55
13.09.2021 05:10:31 - 71
13.09.2021 05:10:31 - 'edit'
13.09.2021 05:10:31 - 369
13.09.2021 05:13:32 - 55
13.09.2021 05:13:32 - 71
13.09.2021 05:13:32 - 'edit'
13.09.2021 05:13:33 - 369
13.09.2021 05:14:07 - 55
13.09.2021 05:14:07 - 71
13.09.2021 05:14:07 - 'edit'
13.09.2021 05:14:07 - 369
13.09.2021 05:14:41 - 55
13.09.2021 05:14:41 - 71
13.09.2021 05:14:41 - 'edit'
13.09.2021 05:14:41 - 369
13.09.2021 05:22:20 - 55
13.09.2021 05:22:20 - 71
13.09.2021 05:22:20 - 'editpost'
13.09.2021 05:22:20 - 227
13.09.2021 05:22:20 - 229
13.09.2021 05:22:20 - 234
13.09.2021 05:22:21 - 55
13.09.2021 05:22:21 - 71
13.09.2021 05:22:21 - 'edit'
13.09.2021 05:22:21 - 369
13.09.2021 05:25:20 - 55
13.09.2021 05:25:20 - 71
13.09.2021 05:25:20 - 'editpost'
13.09.2021 05:25:20 - 227
13.09.2021 05:25:20 - 229
13.09.2021 05:25:20 - 234
13.09.2021 05:25:21 - 55
13.09.2021 05:25:21 - 71
13.09.2021 05:25:21 - 'edit'
13.09.2021 05:25:22 - 369
13.09.2021 05:26:01 - 55
13.09.2021 05:26:01 - 71
13.09.2021 05:26:01 - 'editpost'
13.09.2021 05:26:01 - 227
13.09.2021 05:26:01 - 229
13.09.2021 05:26:01 - 234
13.09.2021 05:26:02 - 55
13.09.2021 05:26:02 - 71
13.09.2021 05:26:02 - 'edit'
13.09.2021 05:26:02 - 369
13.09.2021 05:31:14 - 55
13.09.2021 05:31:14 - 71
13.09.2021 05:31:14 - 'edit'
13.09.2021 05:31:15 - 369
13.09.2021 05:34:09 - 55
13.09.2021 05:34:09 - 71
13.09.2021 05:34:09 - 'edit'
13.09.2021 05:34:09 - 369
13.09.2021 05:35:41 - 55
13.09.2021 05:35:41 - 71
13.09.2021 05:35:41 - 'edit'
13.09.2021 05:35:41 - 369
13.09.2021 05:36:23 - 55
13.09.2021 05:36:23 - 71
13.09.2021 05:36:23 - 'editpost'
13.09.2021 05:36:23 - 227
13.09.2021 05:36:23 - 229
13.09.2021 05:36:23 - 234
13.09.2021 05:36:24 - 55
13.09.2021 05:36:24 - 71
13.09.2021 05:36:24 - 'edit'
13.09.2021 05:36:24 - 369
13.09.2021 05:36:28 - 55
13.09.2021 05:36:28 - 71
13.09.2021 05:36:28 - 'editpost'
13.09.2021 05:36:28 - 227
13.09.2021 05:36:28 - 229
13.09.2021 05:36:28 - 234
13.09.2021 05:36:29 - 55
13.09.2021 05:36:29 - 71
13.09.2021 05:36:29 - 'edit'
13.09.2021 05:36:29 - 369
13.09.2021 05:36:46 - 55
13.09.2021 05:36:46 - 71
13.09.2021 05:36:46 - 'editpost'
13.09.2021 05:36:46 - 227
13.09.2021 05:36:46 - 229
13.09.2021 05:36:46 - 234
13.09.2021 05:36:47 - 55
13.09.2021 05:36:47 - 71
13.09.2021 05:36:47 - 'edit'
13.09.2021 05:36:47 - 369
13.09.2021 05:37:00 - 55
13.09.2021 05:37:00 - 71
13.09.2021 05:37:00 - 'editpost'
13.09.2021 05:37:00 - 227
13.09.2021 05:37:00 - 229
13.09.2021 05:37:00 - 234
13.09.2021 05:37:02 - 55
13.09.2021 05:37:02 - 71
13.09.2021 05:37:02 - 'edit'
13.09.2021 05:37:02 - 369
13.09.2021 05:43:00 - 55
13.09.2021 05:43:00 - 71
13.09.2021 05:43:00 - 'edit'
13.09.2021 05:43:00 - 369
13.09.2021 05:43:12 - 55
13.09.2021 05:43:12 - 71
13.09.2021 05:43:12 - 'edit'
13.09.2021 05:43:13 - 369
13.09.2021 05:43:24 - 55
13.09.2021 05:43:24 - 71
13.09.2021 05:43:24 - 'edit'
13.09.2021 05:43:24 - 369
13.09.2021 05:45:08 - 55
13.09.2021 05:45:08 - 71
13.09.2021 05:45:08 - 'editpost'
13.09.2021 05:45:08 - 227
13.09.2021 05:45:09 - 229
13.09.2021 05:45:09 - 234
13.09.2021 05:45:10 - 55
13.09.2021 05:45:10 - 71
13.09.2021 05:45:10 - 'edit'
13.09.2021 05:45:11 - 369
13.09.2021 05:52:14 - 55
13.09.2021 05:52:14 - 71
13.09.2021 05:52:14 - 'edit'
13.09.2021 05:52:14 - 369
13.09.2021 05:52:26 - 55
13.09.2021 05:52:26 - 71
13.09.2021 05:52:26 - 'edit'
13.09.2021 05:52:26 - 369
13.09.2021 05:54:30 - 55
13.09.2021 05:54:30 - 71
13.09.2021 05:54:30 - 'edit'
13.09.2021 05:54:31 - 369
13.09.2021 06:27:57 - 55
13.09.2021 06:27:57 - 71
13.09.2021 06:27:57 - 'edit'
13.09.2021 06:27:57 - 369
13.09.2021 06:28:34 - 55
13.09.2021 06:28:34 - 71
13.09.2021 06:28:34 - 'editpost'
13.09.2021 06:28:34 - 227
13.09.2021 06:28:34 - 229
13.09.2021 06:28:34 - 234
13.09.2021 06:28:35 - 55
13.09.2021 06:28:35 - 71
13.09.2021 06:28:35 - 'edit'
13.09.2021 06:28:35 - 369
13.09.2021 06:31:24 - 55
13.09.2021 06:31:24 - 71
13.09.2021 06:31:24 - 'editpost'
13.09.2021 06:31:24 - 227
13.09.2021 06:31:25 - 229
13.09.2021 06:31:25 - 234
13.09.2021 06:31:26 - 55
13.09.2021 06:31:26 - 71
13.09.2021 06:31:26 - 'edit'
13.09.2021 06:31:26 - 369
13.09.2021 06:31:56 - 55
13.09.2021 06:31:56 - 71
13.09.2021 06:31:56 - 'edit'
13.09.2021 06:31:56 - 369
13.09.2021 06:35:23 - 55
13.09.2021 06:35:23 - 71
13.09.2021 06:35:23 - 'edit'
13.09.2021 06:35:24 - 369
13.09.2021 06:36:03 - 55
13.09.2021 06:36:03 - 71
13.09.2021 06:36:03 - 'edit'
13.09.2021 06:36:04 - 369
13.09.2021 08:30:44 - 55
13.09.2021 08:30:44 - 71
13.09.2021 08:30:44 - 'edit'
13.09.2021 08:30:44 - 369
13.09.2021 08:42:41 - 55
13.09.2021 08:42:41 - 71
13.09.2021 08:42:41 - 'edit'
13.09.2021 08:42:41 - 369
13.09.2021 08:42:48 - 55
13.09.2021 08:42:48 - 71
13.09.2021 08:42:48 - 'editpost'
13.09.2021 08:42:48 - 227
13.09.2021 08:42:48 - 229
13.09.2021 08:42:48 - 234
13.09.2021 08:42:49 - 55
13.09.2021 08:42:49 - 71
13.09.2021 08:42:49 - 'edit'
13.09.2021 08:42:49 - 369
13.09.2021 08:42:59 - 55
13.09.2021 08:42:59 - 71
13.09.2021 08:42:59 - 'editpost'
13.09.2021 08:42:59 - 227
13.09.2021 08:43:00 - 229
13.09.2021 08:43:00 - 234
13.09.2021 08:43:01 - 55
13.09.2021 08:43:01 - 71
13.09.2021 08:43:01 - 'edit'
13.09.2021 08:43:02 - 369
13.09.2021 08:43:16 - 55
13.09.2021 08:43:16 - 71
13.09.2021 08:43:16 - 'editpost'
13.09.2021 08:43:16 - 227
13.09.2021 08:43:16 - 229
13.09.2021 08:43:16 - 234
13.09.2021 08:43:18 - 55
13.09.2021 08:43:18 - 71
13.09.2021 08:43:18 - 'edit'
13.09.2021 08:43:18 - 369
13.09.2021 08:43:22 - 55
13.09.2021 08:43:22 - 71
13.09.2021 08:43:22 - 'editpost'
13.09.2021 08:43:22 - 227
13.09.2021 08:43:23 - 229
13.09.2021 08:43:23 - 234
13.09.2021 08:43:24 - 55
13.09.2021 08:43:24 - 71
13.09.2021 08:43:24 - 'edit'
13.09.2021 08:43:24 - 369
13.09.2021 08:53:10 - 55
13.09.2021 08:53:10 - 71
13.09.2021 08:53:10 - 'edit'
13.09.2021 08:53:10 - 369
13.09.2021 08:53:11 - 55
13.09.2021 08:53:11 - 71
13.09.2021 08:53:11 - 'edit'
13.09.2021 08:53:11 - 369
13.09.2021 09:02:48 - 55
13.09.2021 09:02:48 - 71
13.09.2021 09:02:48 - 'editpost'
13.09.2021 09:02:48 - 227
13.09.2021 09:02:48 - 229
13.09.2021 09:02:48 - 234
13.09.2021 09:02:49 - 55
13.09.2021 09:02:49 - 71
13.09.2021 09:02:49 - 'edit'
13.09.2021 09:02:50 - 369
13.09.2021 10:24:51 - 55
13.09.2021 10:24:51 - 71
13.09.2021 10:24:51 - 'edit'
13.09.2021 10:24:51 - 369
13.09.2021 10:25:56 - 55
13.09.2021 10:25:56 - 71
13.09.2021 10:25:56 - 'editpost'
13.09.2021 10:25:56 - 227
13.09.2021 10:25:56 - 229
13.09.2021 10:25:56 - 234
13.09.2021 10:25:58 - 55
13.09.2021 10:25:58 - 71
13.09.2021 10:25:58 - 'edit'
13.09.2021 10:25:59 - 369
13.09.2021 11:13:08 - 55
13.09.2021 11:13:08 - 71
13.09.2021 11:13:08 - 'edit'
13.09.2021 11:13:08 - 369
13.09.2021 11:14:05 - 55
13.09.2021 11:14:05 - 71
13.09.2021 11:14:05 - 'edit'
13.09.2021 11:14:06 - 369
13.09.2021 11:15:58 - 55
13.09.2021 11:15:58 - 71
13.09.2021 11:15:58 - 'editpost'
13.09.2021 11:15:58 - 227
13.09.2021 11:15:59 - 229
13.09.2021 11:15:59 - 234
13.09.2021 11:16:00 - 55
13.09.2021 11:16:00 - 71
13.09.2021 11:16:00 - 'edit'
13.09.2021 11:16:00 - 369
13.09.2021 11:16:07 - 55
13.09.2021 11:16:07 - 71
13.09.2021 11:16:07 - 'editpost'
13.09.2021 11:16:07 - 227
13.09.2021 11:16:07 - 229
13.09.2021 11:16:07 - 234
13.09.2021 11:16:23 - 55
13.09.2021 11:16:23 - 71
13.09.2021 11:16:23 - 'edit'
13.09.2021 11:16:23 - 369
13.09.2021 11:17:03 - 55
13.09.2021 11:17:03 - 71
13.09.2021 11:17:03 - 'editpost'
13.09.2021 11:17:03 - 227
13.09.2021 11:17:03 - 229
13.09.2021 11:17:03 - 234
13.09.2021 11:17:05 - 55
13.09.2021 11:17:05 - 71
13.09.2021 11:17:05 - 'edit'
13.09.2021 11:17:05 - 369
13.09.2021 11:19:00 - 55
13.09.2021 11:19:00 - 71
13.09.2021 11:19:00 - 'editpost'
13.09.2021 11:19:00 - 227
13.09.2021 11:19:00 - 229
13.09.2021 11:19:00 - 234
13.09.2021 11:19:01 - 55
13.09.2021 11:19:01 - 71
13.09.2021 11:19:01 - 'edit'
13.09.2021 11:19:02 - 369
13.09.2021 11:21:29 - 55
13.09.2021 11:21:29 - 71
13.09.2021 11:21:29 - 'editpost'
13.09.2021 11:21:29 - 227
13.09.2021 11:21:29 - 229
13.09.2021 11:21:29 - 234
13.09.2021 11:21:30 - 55
13.09.2021 11:21:30 - 71
13.09.2021 11:21:30 - 'edit'
13.09.2021 11:21:30 - 369
13.09.2021 11:22:01 - 55
13.09.2021 11:22:01 - 71
13.09.2021 11:22:01 - 'editpost'
13.09.2021 11:22:01 - 227
13.09.2021 11:22:02 - 229
13.09.2021 11:22:02 - 234
13.09.2021 11:22:04 - 55
13.09.2021 11:22:04 - 71
13.09.2021 11:22:04 - 'edit'
13.09.2021 11:22:05 - 369
13.09.2021 11:25:40 - 55
13.09.2021 11:25:40 - 71
13.09.2021 11:25:40 - 'editpost'
13.09.2021 11:25:40 - 227
13.09.2021 11:25:40 - 229
13.09.2021 11:25:40 - 234
13.09.2021 11:25:41 - 55
13.09.2021 11:25:41 - 71
13.09.2021 11:25:41 - 'edit'
13.09.2021 11:25:42 - 369
13.09.2021 11:26:42 - 55
13.09.2021 11:26:42 - 71
13.09.2021 11:26:42 - 'editpost'
13.09.2021 11:26:42 - 227
13.09.2021 11:26:42 - 229
13.09.2021 11:26:42 - 234
13.09.2021 11:26:43 - 55
13.09.2021 11:26:43 - 71
13.09.2021 11:26:43 - 'edit'
13.09.2021 11:26:43 - 369
13.09.2021 11:32:52 - 55
13.09.2021 11:32:52 - 71
13.09.2021 11:32:52 - 'edit'
13.09.2021 11:32:53 - 369
13.09.2021 11:33:22 - 55
13.09.2021 11:33:22 - 71
13.09.2021 11:33:22 - 'editpost'
13.09.2021 11:33:22 - 227
13.09.2021 11:33:22 - 229
13.09.2021 11:33:22 - 234
13.09.2021 11:33:23 - 55
13.09.2021 11:33:23 - 71
13.09.2021 11:33:23 - 'edit'
13.09.2021 11:33:24 - 369
13.09.2021 11:34:01 - 55
13.09.2021 11:34:01 - 71
13.09.2021 11:34:01 - 'edit'
13.09.2021 11:34:01 - 369
13.09.2021 11:35:00 - 55
13.09.2021 11:35:00 - 71
13.09.2021 11:35:00 - 'editpost'
13.09.2021 11:35:00 - 227
13.09.2021 11:35:00 - 229
13.09.2021 11:35:00 - 234
13.09.2021 11:35:03 - 55
13.09.2021 11:35:03 - 71
13.09.2021 11:35:03 - 'edit'
13.09.2021 11:35:04 - 369
13.09.2021 11:36:07 - 55
13.09.2021 11:36:07 - 71
13.09.2021 11:36:07 - 'editpost'
13.09.2021 11:36:07 - 227
13.09.2021 11:36:07 - 229
13.09.2021 11:36:07 - 234
13.09.2021 11:36:08 - 55
13.09.2021 11:36:08 - 71
13.09.2021 11:36:08 - 'edit'
13.09.2021 11:36:08 - 369
13.09.2021 11:49:35 - 55
13.09.2021 11:49:35 - 71
13.09.2021 11:49:35 - 'edit'
13.09.2021 11:49:35 - 369
13.09.2021 11:55:27 - 55
13.09.2021 11:55:27 - 71
13.09.2021 11:55:27 - 'editpost'
13.09.2021 11:55:27 - 227
13.09.2021 11:55:27 - 229
13.09.2021 11:55:27 - 234
13.09.2021 11:55:28 - 55
13.09.2021 11:55:28 - 71
13.09.2021 11:55:28 - 'edit'
13.09.2021 11:55:28 - 369
13.09.2021 11:55:38 - 55
13.09.2021 11:55:38 - 71
13.09.2021 11:55:38 - 'editpost'
13.09.2021 11:55:38 - 227
13.09.2021 11:55:38 - 229
13.09.2021 11:55:38 - 234
13.09.2021 11:55:39 - 55
13.09.2021 11:55:39 - 71
13.09.2021 11:55:39 - 'edit'
13.09.2021 11:55:39 - 369
13.09.2021 11:56:52 - 55
13.09.2021 11:56:52 - 71
13.09.2021 11:56:52 - 'editpost'
13.09.2021 11:56:52 - 227
13.09.2021 11:56:53 - 229
13.09.2021 11:56:53 - 234
13.09.2021 11:56:54 - 55
13.09.2021 11:56:54 - 71
13.09.2021 11:56:54 - 'edit'
13.09.2021 11:56:54 - 369
13.09.2021 11:56:58 - 55
13.09.2021 11:56:58 - 71
13.09.2021 11:56:58 - 'edit'
13.09.2021 11:56:58 - 369
13.09.2021 11:57:08 - 55
13.09.2021 11:57:08 - 71
13.09.2021 11:57:08 - 'editpost'
13.09.2021 11:57:08 - 227
13.09.2021 11:57:09 - 229
13.09.2021 11:57:09 - 234
13.09.2021 11:57:10 - 55
13.09.2021 11:57:10 - 71
13.09.2021 11:57:10 - 'edit'
13.09.2021 11:57:10 - 369
13.09.2021 11:58:14 - 55
13.09.2021 11:58:14 - 71
13.09.2021 11:58:14 - 'edit'
13.09.2021 11:58:14 - 369
13.09.2021 11:58:18 - 55
13.09.2021 11:58:18 - 71
13.09.2021 11:58:18 - 'edit'
13.09.2021 11:58:19 - 369
14.09.2021 04:40:30 - 55
14.09.2021 04:40:30 - 71
14.09.2021 04:40:30 - 'edit'
14.09.2021 04:40:30 - 369
14.09.2021 05:06:11 - 55
14.09.2021 05:06:11 - 71
14.09.2021 05:06:11 - 'edit'
14.09.2021 05:06:11 - 369
14.09.2021 05:06:24 - 55
14.09.2021 05:06:24 - 71
14.09.2021 05:06:24 - 'editpost'
14.09.2021 05:06:24 - 227
14.09.2021 05:06:24 - 229
14.09.2021 05:06:24 - 234
14.09.2021 05:06:25 - 55
14.09.2021 05:06:25 - 71
14.09.2021 05:06:25 - 'edit'
14.09.2021 05:06:25 - 369
14.09.2021 06:03:17 - 55
14.09.2021 06:03:17 - 71
14.09.2021 06:03:17 - 'edit'
14.09.2021 06:03:17 - 369
14.09.2021 06:03:59 - 55
14.09.2021 06:03:59 - 71
14.09.2021 06:03:59 - 'edit'
14.09.2021 06:03:59 - 369
14.09.2021 07:00:17 - 55
14.09.2021 07:00:17 - 71
14.09.2021 07:00:17 - 'editpost'
14.09.2021 07:00:17 - 227
14.09.2021 07:00:24 - 229
14.09.2021 07:00:24 - 234
14.09.2021 07:00:25 - 55
14.09.2021 07:00:25 - 71
14.09.2021 07:00:25 - 'edit'
14.09.2021 07:00:26 - 369
14.09.2021 07:03:05 - 55
14.09.2021 07:03:05 - 71
14.09.2021 07:03:05 - 'edit'
14.09.2021 07:03:05 - 369
14.09.2021 07:06:10 - 55
14.09.2021 07:06:10 - 71
14.09.2021 07:06:10 - 'editpost'
14.09.2021 07:06:10 - 227
14.09.2021 07:06:16 - 229
14.09.2021 07:06:16 - 234
14.09.2021 07:06:16 - 55
14.09.2021 07:06:16 - 71
14.09.2021 07:06:16 - 'edit'
14.09.2021 07:06:17 - 369
14.09.2021 07:06:18 - 55
14.09.2021 07:06:18 - 71
14.09.2021 07:06:18 - 'edit'
14.09.2021 07:06:18 - 369
14.09.2021 07:06:35 - 55
14.09.2021 07:06:35 - 71
14.09.2021 07:06:35 - 'editpost'
14.09.2021 07:06:35 - 227
14.09.2021 07:06:35 - 229
14.09.2021 07:06:35 - 234
14.09.2021 07:06:36 - 55
14.09.2021 07:06:36 - 71
14.09.2021 07:06:36 - 'edit'
14.09.2021 07:06:36 - 369
14.09.2021 07:06:37 - 55
14.09.2021 07:06:37 - 71
14.09.2021 07:06:37 - 'edit'
14.09.2021 07:06:38 - 369
14.09.2021 07:07:08 - 55
14.09.2021 07:07:08 - 71
14.09.2021 07:07:08 - 'editpost'
14.09.2021 07:07:08 - 227
14.09.2021 07:07:08 - 229
14.09.2021 07:07:08 - 234
14.09.2021 07:07:09 - 55
14.09.2021 07:07:09 - 71
14.09.2021 07:07:09 - 'edit'
14.09.2021 07:07:10 - 369
14.09.2021 07:07:11 - 55
14.09.2021 07:07:11 - 71
14.09.2021 07:07:11 - 'edit'
14.09.2021 07:07:11 - 369
14.09.2021 07:09:09 - 55
14.09.2021 07:09:09 - 71
14.09.2021 07:09:09 - 'editpost'
14.09.2021 07:09:09 - 227
14.09.2021 07:09:11 - 229
14.09.2021 07:09:11 - 234
14.09.2021 07:09:12 - 55
14.09.2021 07:09:12 - 71
14.09.2021 07:09:12 - 'edit'
14.09.2021 07:09:12 - 369
14.09.2021 07:09:39 - 55
14.09.2021 07:09:39 - 71
14.09.2021 07:09:39 - 'editpost'
14.09.2021 07:09:39 - 227
14.09.2021 07:09:40 - 229
14.09.2021 07:09:40 - 234
14.09.2021 07:09:41 - 55
14.09.2021 07:09:41 - 71
14.09.2021 07:09:41 - 'edit'
14.09.2021 07:09:42 - 369
14.09.2021 07:09:43 - 55
14.09.2021 07:09:43 - 71
14.09.2021 07:09:43 - 'edit'
14.09.2021 07:09:43 - 369
14.09.2021 07:10:45 - 55
14.09.2021 07:10:45 - 71
14.09.2021 07:10:45 - 'editpost'
14.09.2021 07:10:45 - 227
14.09.2021 07:10:47 - 229
14.09.2021 07:10:47 - 234
14.09.2021 07:10:48 - 55
14.09.2021 07:10:48 - 71
14.09.2021 07:10:48 - 'edit'
14.09.2021 07:10:48 - 369
14.09.2021 08:35:48 - 55
14.09.2021 08:35:48 - 71
14.09.2021 08:35:48 - 'edit'
14.09.2021 08:35:48 - 369
14.09.2021 09:53:58 - 55
14.09.2021 09:53:58 - 71
14.09.2021 09:53:58 - 'edit'
14.09.2021 09:53:58 - 369
14.09.2021 09:55:50 - 55
14.09.2021 09:55:50 - 71
14.09.2021 09:55:50 - 'editpost'
14.09.2021 09:55:50 - 227
14.09.2021 09:55:50 - 229
14.09.2021 09:55:50 - 234
14.09.2021 09:55:51 - 55
14.09.2021 09:55:51 - 71
14.09.2021 09:55:51 - 'edit'
14.09.2021 09:55:51 - 369
14.09.2021 10:10:06 - 55
14.09.2021 10:10:06 - 71
14.09.2021 10:10:06 - 'edit'
14.09.2021 10:10:06 - 369
14.09.2021 10:10:25 - 55
14.09.2021 10:10:25 - 71
14.09.2021 10:10:25 - 'editpost'
14.09.2021 10:10:25 - 227
14.09.2021 10:10:26 - 229
14.09.2021 10:10:26 - 234
14.09.2021 10:10:27 - 55
14.09.2021 10:10:27 - 71
14.09.2021 10:10:27 - 'edit'
14.09.2021 10:10:27 - 369
14.09.2021 10:31:32 - 55
14.09.2021 10:31:32 - 71
14.09.2021 10:31:32 - 'editpost'
14.09.2021 10:31:32 - 227
14.09.2021 10:31:33 - 229
14.09.2021 10:31:33 - 234
14.09.2021 10:31:33 - 55
14.09.2021 10:31:33 - 71
14.09.2021 10:31:33 - 'edit'
14.09.2021 10:31:34 - 369
14.09.2021 10:35:46 - 55
14.09.2021 10:35:46 - 71
14.09.2021 10:35:46 - 'edit'
14.09.2021 10:35:46 - 369
14.09.2021 10:35:46 - 55
14.09.2021 10:35:46 - 71
14.09.2021 10:35:46 - 'edit'
14.09.2021 10:35:47 - 369
14.09.2021 10:35:58 - 55
14.09.2021 10:35:58 - 71
14.09.2021 10:35:58 - 'editpost'
14.09.2021 10:35:58 - 227
14.09.2021 10:35:58 - 229
14.09.2021 10:35:58 - 234
14.09.2021 10:35:59 - 55
14.09.2021 10:35:59 - 71
14.09.2021 10:35:59 - 'edit'
14.09.2021 10:36:00 - 369
14.09.2021 10:36:04 - 55
14.09.2021 10:36:04 - 71
14.09.2021 10:36:04 - 'editpost'
14.09.2021 10:36:04 - 227
14.09.2021 10:36:04 - 229
14.09.2021 10:36:04 - 234
14.09.2021 10:36:05 - 55
14.09.2021 10:36:05 - 71
14.09.2021 10:36:05 - 'edit'
14.09.2021 10:36:05 - 369
15.09.2021 04:26:01 - 55
15.09.2021 04:26:01 - 71
15.09.2021 04:26:01 - 'edit'
15.09.2021 04:26:02 - 369
15.09.2021 04:32:28 - 55
15.09.2021 04:32:28 - 71
15.09.2021 04:32:28 - 'edit'
15.09.2021 04:32:29 - 369
15.09.2021 04:40:00 - 55
15.09.2021 04:40:00 - 71
15.09.2021 04:40:00 - 'edit'
15.09.2021 04:40:01 - 369
15.09.2021 04:41:53 - 55
15.09.2021 04:41:53 - 71
15.09.2021 04:41:53 - 'editpost'
15.09.2021 04:41:53 - 227
15.09.2021 04:41:54 - 229
15.09.2021 04:41:54 - 234
15.09.2021 04:41:55 - 55
15.09.2021 04:41:55 - 71
15.09.2021 04:41:55 - 'edit'
15.09.2021 04:41:55 - 369
15.09.2021 06:13:50 - 55
15.09.2021 06:13:50 - 71
15.09.2021 06:13:50 - 'edit'
15.09.2021 06:13:51 - 369
15.09.2021 06:14:23 - 55
15.09.2021 06:14:23 - 71
15.09.2021 06:14:23 - 'editpost'
15.09.2021 06:14:23 - 227
15.09.2021 06:14:23 - 229
15.09.2021 06:14:23 - 234
15.09.2021 06:14:24 - 55
15.09.2021 06:14:24 - 71
15.09.2021 06:14:24 - 'edit'
15.09.2021 06:14:24 - 369
15.09.2021 06:14:54 - 55
15.09.2021 06:14:54 - 71
15.09.2021 06:14:54 - 'edit'
15.09.2021 06:14:54 - 369
15.09.2021 06:14:55 - 55
15.09.2021 06:14:55 - 71
15.09.2021 06:14:55 - 'edit'
15.09.2021 06:14:56 - 369
15.09.2021 06:15:17 - 55
15.09.2021 06:15:17 - 71
15.09.2021 06:15:17 - 'trash'
15.09.2021 06:15:27 - 55
15.09.2021 06:15:27 - 71
15.09.2021 06:15:27 - 'edit'
15.09.2021 06:15:28 - 369
15.09.2021 06:16:36 - 55
15.09.2021 06:16:36 - 71
15.09.2021 06:16:36 - 'editpost'
15.09.2021 06:16:36 - 227
15.09.2021 06:16:36 - 229
15.09.2021 06:16:36 - 234
15.09.2021 06:16:38 - 55
15.09.2021 06:16:38 - 71
15.09.2021 06:16:38 - 'edit'
15.09.2021 06:16:39 - 369
15.09.2021 06:17:15 - 55
15.09.2021 06:17:15 - 71
15.09.2021 06:17:15 - 'editpost'
15.09.2021 06:17:15 - 227
15.09.2021 06:17:15 - 229
15.09.2021 06:17:15 - 234
15.09.2021 06:17:16 - 55
15.09.2021 06:17:16 - 71
15.09.2021 06:17:16 - 'edit'
15.09.2021 06:17:17 - 369
15.09.2021 07:04:57 - 55
15.09.2021 07:04:57 - 71
15.09.2021 07:04:57 - 'edit'
15.09.2021 07:04:57 - 369
15.09.2021 07:05:08 - 55
15.09.2021 07:05:08 - 71
15.09.2021 07:05:08 - 'edit'
15.09.2021 07:05:08 - 369
15.09.2021 07:08:53 - 55
15.09.2021 07:08:53 - 71
15.09.2021 07:08:53 - 'edit'
15.09.2021 07:08:53 - 369
15.09.2021 07:09:02 - 55
15.09.2021 07:09:02 - 71
15.09.2021 07:09:02 - 'edit'
15.09.2021 07:09:02 - 369
15.09.2021 07:09:49 - 55
15.09.2021 07:09:49 - 71
15.09.2021 07:09:49 - 'editpost'
15.09.2021 07:09:49 - 227
15.09.2021 07:09:52 - 229
15.09.2021 07:09:52 - 234
15.09.2021 07:09:53 - 55
15.09.2021 07:09:53 - 71
15.09.2021 07:09:53 - 'edit'
15.09.2021 07:09:53 - 369
15.09.2021 07:13:58 - 55
15.09.2021 07:13:58 - 71
15.09.2021 07:13:58 - 'editpost'
15.09.2021 07:13:58 - 227
15.09.2021 07:14:02 - 229
15.09.2021 07:14:02 - 234
15.09.2021 07:14:03 - 55
15.09.2021 07:14:03 - 71
15.09.2021 07:14:03 - 'edit'
15.09.2021 07:14:03 - 369
15.09.2021 07:47:48 - 55
15.09.2021 07:47:48 - 71
15.09.2021 07:47:48 - 'editpost'
15.09.2021 07:47:48 - 227
15.09.2021 07:47:51 - 229
15.09.2021 07:47:51 - 234
15.09.2021 07:47:52 - 55
15.09.2021 07:47:52 - 71
15.09.2021 07:47:52 - 'edit'
15.09.2021 07:47:52 - 369
15.09.2021 07:50:41 - 55
15.09.2021 07:50:41 - 71
15.09.2021 07:50:41 - 'editpost'
15.09.2021 07:50:41 - 227
15.09.2021 07:50:43 - 229
15.09.2021 07:50:43 - 234
15.09.2021 07:50:44 - 55
15.09.2021 07:50:44 - 71
15.09.2021 07:50:44 - 'edit'
15.09.2021 07:50:45 - 369
15.09.2021 08:08:54 - 55
15.09.2021 08:08:54 - 71
15.09.2021 08:08:54 - 'edit'
15.09.2021 08:08:55 - 369
15.09.2021 08:08:59 - 55
15.09.2021 08:08:59 - 71
15.09.2021 08:08:59 - 'editpost'
15.09.2021 08:08:59 - 227
15.09.2021 08:09:00 - 229
15.09.2021 08:09:00 - 234
15.09.2021 08:09:00 - 55
15.09.2021 08:09:00 - 71
15.09.2021 08:09:00 - 'edit'
15.09.2021 08:09:01 - 369
15.09.2021 08:09:08 - 55
15.09.2021 08:09:08 - 71
15.09.2021 08:09:08 - 'edit'
15.09.2021 08:09:08 - 369
15.09.2021 08:09:19 - 55
15.09.2021 08:09:19 - 71
15.09.2021 08:09:19 - 'editpost'
15.09.2021 08:09:19 - 227
15.09.2021 08:09:19 - 229
15.09.2021 08:09:19 - 234
15.09.2021 08:09:20 - 55
15.09.2021 08:09:20 - 71
15.09.2021 08:09:20 - 'edit'
15.09.2021 08:09:20 - 369
15.09.2021 08:23:03 - 55
15.09.2021 08:23:03 - 71
15.09.2021 08:23:03 - 'edit'
15.09.2021 08:23:03 - 369
15.09.2021 08:58:58 - 55
15.09.2021 08:58:58 - 71
15.09.2021 08:58:58 - 'trash'
15.09.2021 08:59:12 - 55
15.09.2021 08:59:12 - 71
15.09.2021 08:59:12 - 'edit'
15.09.2021 08:59:13 - 369
15.09.2021 08:59:18 - 55
15.09.2021 08:59:18 - 71
15.09.2021 08:59:18 - 'editpost'
15.09.2021 08:59:18 - 227
15.09.2021 08:59:19 - 229
15.09.2021 08:59:19 - 234
15.09.2021 08:59:19 - 55
15.09.2021 08:59:19 - 71
15.09.2021 08:59:19 - 'edit'
15.09.2021 08:59:20 - 369
15.09.2021 09:01:04 - 55
15.09.2021 09:01:04 - 71
15.09.2021 09:01:04 - 'edit'
15.09.2021 09:01:05 - 369
15.09.2021 09:01:06 - 55
15.09.2021 09:01:06 - 71
15.09.2021 09:01:06 - 'edit'
15.09.2021 09:01:06 - 369
15.09.2021 09:01:17 - 55
15.09.2021 09:01:17 - 71
15.09.2021 09:01:17 - 'editpost'
15.09.2021 09:01:17 - 227
15.09.2021 09:01:17 - 229
15.09.2021 09:01:17 - 234
15.09.2021 09:01:18 - 55
15.09.2021 09:01:18 - 71
15.09.2021 09:01:18 - 'edit'
15.09.2021 09:01:18 - 369
15.09.2021 09:01:29 - 55
15.09.2021 09:01:29 - 71
15.09.2021 09:01:29 - 'editpost'
15.09.2021 09:01:29 - 227
15.09.2021 09:01:29 - 229
15.09.2021 09:01:29 - 234
15.09.2021 09:01:29 - 55
15.09.2021 09:01:29 - 71
15.09.2021 09:01:29 - 'edit'
15.09.2021 09:01:30 - 369
15.09.2021 09:02:05 - 55
15.09.2021 09:02:05 - 71
15.09.2021 09:02:05 - 'editpost'
15.09.2021 09:02:05 - 227
15.09.2021 09:02:05 - 229
15.09.2021 09:02:05 - 234
15.09.2021 09:02:06 - 55
15.09.2021 09:02:06 - 71
15.09.2021 09:02:06 - 'edit'
15.09.2021 09:02:06 - 369
15.09.2021 09:02:12 - 55
15.09.2021 09:02:12 - 71
15.09.2021 09:02:12 - 'editpost'
15.09.2021 09:02:12 - 227
15.09.2021 09:02:12 - 229
15.09.2021 09:02:12 - 234
15.09.2021 09:02:13 - 55
15.09.2021 09:02:13 - 71
15.09.2021 09:02:13 - 'edit'
15.09.2021 09:02:14 - 369
15.09.2021 09:02:31 - 55
15.09.2021 09:02:31 - 71
15.09.2021 09:02:31 - 'editpost'
15.09.2021 09:02:31 - 227
15.09.2021 09:02:31 - 229
15.09.2021 09:02:31 - 234
15.09.2021 09:02:32 - 55
15.09.2021 09:02:32 - 71
15.09.2021 09:02:32 - 'edit'
15.09.2021 09:02:32 - 369
15.09.2021 09:02:39 - 55
15.09.2021 09:02:39 - 71
15.09.2021 09:02:39 - 'editpost'
15.09.2021 09:02:39 - 227
15.09.2021 09:02:39 - 229
15.09.2021 09:02:39 - 234
15.09.2021 09:02:40 - 55
15.09.2021 09:02:40 - 71
15.09.2021 09:02:40 - 'edit'
15.09.2021 09:02:40 - 369
15.09.2021 09:02:48 - 55
15.09.2021 09:02:48 - 71
15.09.2021 09:02:48 - 'edit'
15.09.2021 09:02:48 - 369
15.09.2021 09:03:27 - 55
15.09.2021 09:03:27 - 71
15.09.2021 09:03:27 - 'editpost'
15.09.2021 09:03:27 - 227
15.09.2021 09:03:27 - 229
15.09.2021 09:03:27 - 234
15.09.2021 09:03:28 - 55
15.09.2021 09:03:28 - 71
15.09.2021 09:03:28 - 'edit'
15.09.2021 09:03:29 - 369
15.09.2021 09:08:18 - 55
15.09.2021 09:08:18 - 71
15.09.2021 09:08:18 - 'edit'
15.09.2021 09:08:18 - 369
15.09.2021 09:09:22 - 55
15.09.2021 09:09:22 - 71
15.09.2021 09:09:22 - 'editpost'
15.09.2021 09:09:22 - 227
15.09.2021 09:09:22 - 229
15.09.2021 09:09:22 - 234
15.09.2021 09:09:23 - 55
15.09.2021 09:09:23 - 71
15.09.2021 09:09:23 - 'edit'
15.09.2021 09:09:23 - 369
15.09.2021 09:09:33 - 55
15.09.2021 09:09:33 - 71
15.09.2021 09:09:33 - 'editpost'
15.09.2021 09:09:33 - 227
15.09.2021 09:09:33 - 229
15.09.2021 09:09:33 - 234
15.09.2021 09:09:35 - 55
15.09.2021 09:09:35 - 71
15.09.2021 09:09:35 - 'edit'
15.09.2021 09:09:35 - 369
15.09.2021 09:10:06 - 55
15.09.2021 09:10:06 - 71
15.09.2021 09:10:06 - 'edit'
15.09.2021 09:10:07 - 369
15.09.2021 09:19:59 - 55
15.09.2021 09:19:59 - 71
15.09.2021 09:19:59 - 'trash'
21.09.2021 04:56:43 - 55
21.09.2021 04:56:43 - 71
21.09.2021 04:56:43 - 'edit'
21.09.2021 04:56:44 - 369
21.09.2021 05:20:23 - 55
21.09.2021 05:20:23 - 71
21.09.2021 05:20:23 - 'edit'
21.09.2021 05:20:24 - 369
21.09.2021 05:22:02 - 55
21.09.2021 05:22:02 - 71
21.09.2021 05:22:02 - 'edit'
21.09.2021 05:22:03 - 369
21.09.2021 05:35:30 - 55
21.09.2021 05:35:30 - 71
21.09.2021 05:35:30 - 'edit'
21.09.2021 05:35:30 - 369
21.09.2021 05:36:18 - 55
21.09.2021 05:36:18 - 71
21.09.2021 05:36:18 - 'editpost'
21.09.2021 05:36:18 - 227
21.09.2021 05:36:21 - 229
21.09.2021 05:36:21 - 234
21.09.2021 05:36:22 - 55
21.09.2021 05:36:22 - 71
21.09.2021 05:36:22 - 'edit'
21.09.2021 05:36:23 - 369
21.09.2021 05:37:42 - 55
21.09.2021 05:37:42 - 71
21.09.2021 05:37:42 - 'editpost'
21.09.2021 05:37:42 - 227
21.09.2021 05:37:44 - 229
21.09.2021 05:37:44 - 234
21.09.2021 05:37:45 - 55
21.09.2021 05:37:45 - 71
21.09.2021 05:37:45 - 'edit'
21.09.2021 05:37:46 - 369
21.09.2021 06:03:09 - 55
21.09.2021 06:03:09 - 71
21.09.2021 06:03:09 - 'edit'
21.09.2021 06:03:10 - 369
21.09.2021 06:03:10 - 55
21.09.2021 06:03:10 - 71
21.09.2021 06:03:10 - 'edit'
21.09.2021 06:03:11 - 369
21.09.2021 06:03:24 - 55
21.09.2021 06:03:24 - 71
21.09.2021 06:03:24 - 'editpost'
21.09.2021 06:03:24 - 227
21.09.2021 06:03:25 - 229
21.09.2021 06:03:25 - 234
21.09.2021 06:03:26 - 55
21.09.2021 06:03:26 - 71
21.09.2021 06:03:26 - 'edit'
21.09.2021 06:03:26 - 369
21.09.2021 06:28:06 - 55
21.09.2021 06:28:06 - 71
21.09.2021 06:28:06 - 'edit'
21.09.2021 06:28:07 - 369
21.09.2021 08:29:30 - 55
21.09.2021 08:29:30 - 71
21.09.2021 08:29:30 - 'edit'
21.09.2021 08:29:30 - 369
21.09.2021 08:43:38 - 55
21.09.2021 08:43:38 - 71
21.09.2021 08:43:38 - 'edit'
21.09.2021 08:43:38 - 369
21.09.2021 08:43:39 - 55
21.09.2021 08:43:39 - 71
21.09.2021 08:43:39 - 'edit'
21.09.2021 08:43:39 - 369
21.09.2021 08:43:40 - 55
21.09.2021 08:43:40 - 71
21.09.2021 08:43:40 - 'edit'
21.09.2021 08:43:40 - 369
21.09.2021 08:43:56 - 55
21.09.2021 08:43:56 - 71
21.09.2021 08:43:56 - 'editpost'
21.09.2021 08:43:56 - 227
21.09.2021 08:43:57 - 229
21.09.2021 08:43:57 - 234
21.09.2021 08:43:58 - 55
21.09.2021 08:43:58 - 71
21.09.2021 08:43:58 - 'edit'
21.09.2021 08:43:58 - 369
21.09.2021 08:44:03 - 55
21.09.2021 08:44:03 - 71
21.09.2021 08:44:03 - 'editpost'
21.09.2021 08:44:03 - 227
21.09.2021 08:44:04 - 229
21.09.2021 08:44:04 - 234
21.09.2021 08:44:05 - 55
21.09.2021 08:44:05 - 71
21.09.2021 08:44:05 - 'edit'
21.09.2021 08:44:05 - 369
21.09.2021 08:44:10 - 55
21.09.2021 08:44:10 - 71
21.09.2021 08:44:10 - 'editpost'
21.09.2021 08:44:10 - 227
21.09.2021 08:44:10 - 229
21.09.2021 08:44:10 - 234
21.09.2021 08:44:11 - 55
21.09.2021 08:44:11 - 71
21.09.2021 08:44:11 - 'edit'
21.09.2021 08:44:11 - 369
21.09.2021 09:12:41 - 55
21.09.2021 09:12:41 - 71
21.09.2021 09:12:41 - 'edit'
21.09.2021 09:12:41 - 369
21.09.2021 09:12:50 - 55
21.09.2021 09:12:50 - 71
21.09.2021 09:12:50 - 'editpost'
21.09.2021 09:12:50 - 227
21.09.2021 09:12:51 - 229
21.09.2021 09:12:51 - 234
21.09.2021 09:12:52 - 55
21.09.2021 09:12:52 - 71
21.09.2021 09:12:52 - 'edit'
21.09.2021 09:12:52 - 369
21.09.2021 10:40:55 - 55
21.09.2021 10:40:55 - 71
21.09.2021 10:40:55 - 'edit'
21.09.2021 10:40:55 - 369
21.09.2021 10:41:17 - 55
21.09.2021 10:41:17 - 71
21.09.2021 10:41:17 - 'editpost'
21.09.2021 10:41:17 - 227
21.09.2021 10:41:18 - 229
21.09.2021 10:41:18 - 234
21.09.2021 10:41:19 - 55
21.09.2021 10:41:19 - 71
21.09.2021 10:41:19 - 'edit'
21.09.2021 10:41:19 - 369
21.09.2021 10:41:36 - 55
21.09.2021 10:41:36 - 71
21.09.2021 10:41:36 - 'editpost'
21.09.2021 10:41:36 - 227
21.09.2021 10:41:37 - 229
21.09.2021 10:41:37 - 234
21.09.2021 10:41:41 - 55
21.09.2021 10:41:41 - 71
21.09.2021 10:41:41 - 'edit'
21.09.2021 10:41:41 - 369
21.09.2021 12:59:14 - 55
21.09.2021 12:59:14 - 71
21.09.2021 12:59:14 - 'edit'
21.09.2021 12:59:14 - 369
21.09.2021 13:06:23 - 55
21.09.2021 13:06:23 - 71
21.09.2021 13:06:23 - 'editpost'
21.09.2021 13:06:23 - 227
21.09.2021 13:06:28 - 229
21.09.2021 13:06:28 - 234
21.09.2021 13:06:31 - 55
21.09.2021 13:06:31 - 71
21.09.2021 13:06:31 - 'edit'
21.09.2021 13:06:31 - 369
22.09.2021 07:24:52 - 55
22.09.2021 07:24:52 - 71
22.09.2021 07:24:52 - 'edit'
22.09.2021 07:24:52 - 369
22.09.2021 07:25:11 - 55
22.09.2021 07:25:11 - 71
22.09.2021 07:25:11 - 'editpost'
22.09.2021 07:25:11 - 227
22.09.2021 07:25:11 - 229
22.09.2021 07:25:11 - 234
22.09.2021 07:25:12 - 55
22.09.2021 07:25:12 - 71
22.09.2021 07:25:12 - 'edit'
22.09.2021 07:25:12 - 369
22.09.2021 07:25:42 - 55
22.09.2021 07:25:42 - 71
22.09.2021 07:25:42 - 'editpost'
22.09.2021 07:25:42 - 227
22.09.2021 07:25:42 - 229
22.09.2021 07:25:42 - 234
22.09.2021 07:25:43 - 55
22.09.2021 07:25:43 - 71
22.09.2021 07:25:43 - 'edit'
22.09.2021 07:25:43 - 369
22.09.2021 07:26:19 - 55
22.09.2021 07:26:19 - 71
22.09.2021 07:26:19 - 'editpost'
22.09.2021 07:26:19 - 227
22.09.2021 07:26:20 - 229
22.09.2021 07:26:20 - 234
22.09.2021 07:26:21 - 55
22.09.2021 07:26:21 - 71
22.09.2021 07:26:21 - 'edit'
22.09.2021 07:26:21 - 369
22.09.2021 09:14:07 - 55
22.09.2021 09:14:07 - 71
22.09.2021 09:14:07 - 'edit'
22.09.2021 09:14:07 - 369
22.09.2021 09:25:59 - 55
22.09.2021 09:25:59 - 71
22.09.2021 09:25:59 - 'editpost'
22.09.2021 09:25:59 - 227
22.09.2021 11:33:44 - 55
22.09.2021 11:33:44 - 71
22.09.2021 11:33:44 - 'edit'
22.09.2021 11:33:45 - 369
22.09.2021 11:33:56 - 55
22.09.2021 11:33:56 - 71
22.09.2021 11:33:56 - 'editpost'
22.09.2021 11:33:56 - 227
23.09.2021 04:28:48 - 55
23.09.2021 04:28:48 - 71
23.09.2021 04:28:48 - 'edit'
23.09.2021 04:28:49 - 369
23.09.2021 04:32:53 - 55
23.09.2021 04:32:53 - 71
23.09.2021 04:32:53 - 'edit'
23.09.2021 04:32:53 - 369
23.09.2021 06:15:22 - 55
23.09.2021 06:15:22 - 71
23.09.2021 06:15:22 - 'edit'
23.09.2021 06:15:22 - 369
23.09.2021 06:15:45 - 55
23.09.2021 06:15:45 - 71
23.09.2021 06:15:45 - 'editpost'
23.09.2021 06:15:45 - 227
23.09.2021 06:15:45 - 229
23.09.2021 06:15:45 - 234
23.09.2021 06:15:46 - 55
23.09.2021 06:15:46 - 71
23.09.2021 06:15:46 - 'edit'
23.09.2021 06:15:46 - 369
23.09.2021 06:17:58 - 55
23.09.2021 06:17:58 - 71
23.09.2021 06:17:58 - 'editpost'
23.09.2021 06:17:58 - 227
23.09.2021 06:17:59 - 229
23.09.2021 06:17:59 - 234
23.09.2021 06:17:59 - 55
23.09.2021 06:17:59 - 71
23.09.2021 06:17:59 - 'edit'
23.09.2021 06:18:00 - 369
23.09.2021 07:02:05 - 55
23.09.2021 07:02:05 - 71
23.09.2021 07:02:05 - 'edit'
23.09.2021 07:02:05 - 369
23.09.2021 07:05:20 - 55
23.09.2021 07:05:20 - 71
23.09.2021 07:05:20 - 'edit'
23.09.2021 07:05:20 - 369
23.09.2021 07:05:36 - 55
23.09.2021 07:05:36 - 71
23.09.2021 07:05:36 - 'editpost'
23.09.2021 07:05:36 - 227
23.09.2021 07:08:35 - 55
23.09.2021 07:08:35 - 71
23.09.2021 07:08:35 - 'edit'
23.09.2021 07:08:35 - 369
23.09.2021 07:57:55 - 55
23.09.2021 07:57:55 - 71
23.09.2021 07:57:55 - 'edit'
23.09.2021 07:57:55 - 369
23.09.2021 07:57:55 - 55
23.09.2021 07:57:55 - 71
23.09.2021 07:57:55 - 'edit'
23.09.2021 07:57:56 - 369
23.09.2021 07:58:11 - 55
23.09.2021 07:58:11 - 71
23.09.2021 07:58:11 - 'editpost'
23.09.2021 07:58:11 - 227
23.09.2021 07:58:11 - 229
23.09.2021 07:58:11 - 234
23.09.2021 07:58:12 - 55
23.09.2021 07:58:12 - 71
23.09.2021 07:58:12 - 'edit'
23.09.2021 07:58:12 - 369
23.09.2021 07:58:26 - 55
23.09.2021 07:58:26 - 71
23.09.2021 07:58:26 - 'editpost'
23.09.2021 07:58:26 - 227
23.09.2021 07:58:26 - 229
23.09.2021 07:58:26 - 234
23.09.2021 07:58:27 - 55
23.09.2021 07:58:27 - 71
23.09.2021 07:58:27 - 'edit'
23.09.2021 07:58:27 - 369
23.09.2021 07:58:36 - 55
23.09.2021 07:58:36 - 71
23.09.2021 07:58:36 - 'editpost'
23.09.2021 07:58:36 - 227
23.09.2021 07:58:36 - 229
23.09.2021 07:58:36 - 234
23.09.2021 07:58:37 - 55
23.09.2021 07:58:37 - 71
23.09.2021 07:58:37 - 'edit'
23.09.2021 07:58:37 - 369
23.09.2021 08:15:30 - 55
23.09.2021 08:15:30 - 71
23.09.2021 08:15:30 - 'editpost'
23.09.2021 08:15:30 - 227
23.09.2021 08:15:30 - 229
23.09.2021 08:15:30 - 234
23.09.2021 08:15:31 - 55
23.09.2021 08:15:31 - 71
23.09.2021 08:15:31 - 'edit'
23.09.2021 08:15:31 - 369
23.09.2021 08:17:49 - 55
23.09.2021 08:17:49 - 71
23.09.2021 08:17:49 - 'edit'
23.09.2021 08:17:50 - 369
23.09.2021 08:25:32 - 55
23.09.2021 08:25:32 - 71
23.09.2021 08:25:32 - 'edit'
23.09.2021 08:25:33 - 369
23.09.2021 08:26:06 - 55
23.09.2021 08:26:06 - 71
23.09.2021 08:26:06 - 'edit'
23.09.2021 08:26:07 - 369
23.09.2021 08:26:09 - 55
23.09.2021 08:26:09 - 71
23.09.2021 08:26:09 - 'edit'
23.09.2021 08:26:09 - 369
23.09.2021 09:48:57 - 55
23.09.2021 09:48:57 - 71
23.09.2021 09:48:57 - 'edit'
23.09.2021 09:48:57 - 369
23.09.2021 09:49:22 - 55
23.09.2021 09:49:22 - 71
23.09.2021 09:49:22 - 'editpost'
23.09.2021 09:49:22 - 227
23.09.2021 09:49:22 - 229
23.09.2021 09:49:22 - 234
23.09.2021 09:49:23 - 55
23.09.2021 09:49:23 - 71
23.09.2021 09:49:23 - 'edit'
23.09.2021 09:49:23 - 369
23.09.2021 09:50:14 - 55
23.09.2021 09:50:14 - 71
23.09.2021 09:50:14 - 'edit'
23.09.2021 09:50:14 - 369
23.09.2021 09:50:20 - 55
23.09.2021 09:50:20 - 71
23.09.2021 09:50:20 - 'editpost'
23.09.2021 09:50:20 - 227
23.09.2021 11:57:25 - 55
23.09.2021 11:57:25 - 71
23.09.2021 11:57:25 - 'edit'
23.09.2021 11:57:25 - 369
23.09.2021 11:57:47 - 55
23.09.2021 11:57:47 - 71
23.09.2021 11:57:47 - 'editpost'
23.09.2021 11:57:47 - 227
23.09.2021 11:57:47 - 229
23.09.2021 11:57:47 - 234
23.09.2021 11:57:48 - 55
23.09.2021 11:57:48 - 71
23.09.2021 11:57:48 - 'edit'
23.09.2021 11:57:48 - 369
24.09.2021 18:45:21 - 229
24.09.2021 18:45:21 - 234
24.09.2021 18:59:57 - 229
24.09.2021 18:59:57 - 234
24.09.2021 18:59:57 - 229
24.09.2021 18:59:57 - 234
24.09.2021 19:00:02 - 55
24.09.2021 19:00:02 - 71
24.09.2021 19:00:02 - 'edit'
24.09.2021 19:00:05 - 369
24.09.2021 19:00:18 - 55
24.09.2021 19:00:18 - 71
24.09.2021 19:00:18 - 'edit'
24.09.2021 19:00:18 - 369
24.09.2021 19:12:08 - 229
24.09.2021 19:12:08 - 234
